[8.760s] DEBUG:colcon:Command line arguments: ['/usr/bin/colcon', 'build']
[8.760s] DEBUG:colcon:Parsed command line arguments: Namespace(log_base=None, log_level=None, verb_name='build', build_base='build', install_base='install', merge_install=False, symlink_install=False, test_result_base=None, continue_on_error=False, executor='parallel', parallel_workers=4, event_handlers=None, ignore_user_meta=False, metas=['./colcon.meta'], base_paths=['.'], packages_ignore=None, packages_ignore_regex=None, paths=None, packages_up_to=None, packages_up_to_regex=None, packages_above=None, packages_above_and_dependencies=None, packages_above_depth=None, packages_select_by_dep=None, packages_skip_by_dep=None, packages_skip_up_to=None, packages_select_build_failed=False, packages_skip_build_finished=False, packages_select_test_failures=False, packages_skip_test_passed=False, packages_select=None, packages_skip=None, packages_select_regex=None, packages_skip_regex=None, packages_start=None, packages_end=None, allow_overriding=[], cmake_args=None, cmake_target=None, cmake_target_skip_unavailable=False, cmake_clean_cache=False, cmake_clean_first=False, cmake_force_configure=False, ament_cmake_args=None, catkin_cmake_args=None, catkin_skip_building_tests=False, verb_parser=<colcon_defaults.argument_parser.defaults.DefaultArgumentsDecorator object at 0xffffbae7c310>, verb_extension=<colcon_core.verb.build.BuildVerb object at 0xffffbb139e10>, main=<bound method BuildVerb.main of <colcon_core.verb.build.BuildVerb object at 0xffffbb139e10>>)
[8.966s] Level 1:colcon.colcon_core.package_discovery:discover_packages(colcon_meta) check parameters
[8.967s] Level 1:colcon.colcon_core.package_discovery:discover_packages(recursive) check parameters
[8.967s] Level 1:colcon.colcon_core.package_discovery:discover_packages(ignore) check parameters
[8.967s] Level 1:colcon.colcon_core.package_discovery:discover_packages(path) check parameters
[8.967s] Level 1:colcon.colcon_core.package_discovery:discover_packages(colcon_meta) discover
[8.967s] Level 1:colcon.colcon_core.package_discovery:discover_packages(recursive) discover
[8.967s] INFO:colcon.colcon_core.package_discovery:Crawling recursively for packages in '/home/stereocamera/ros2_3D'
[8.968s] Level 1:colcon.colcon_core.package_identification:_identify(.) by extensions ['ignore', 'ignore_ament_install']
[8.968s] Level 1:colcon.colcon_core.package_identification:_identify(.) by extension 'ignore'
[8.969s] Level 1:colcon.colcon_core.package_identification:_identify(.) by extension 'ignore_ament_install'
[8.969s] Level 1:colcon.colcon_core.package_identification:_identify(.) by extensions ['colcon_pkg']
[8.969s] Level 1:colcon.colcon_core.package_identification:_identify(.) by extension 'colcon_pkg'
[8.969s] Level 1:colcon.colcon_core.package_identification:_identify(.) by extensions ['colcon_meta']
[8.969s] Level 1:colcon.colcon_core.package_identification:_identify(.) by extension 'colcon_meta'
[8.969s] Level 1:colcon.colcon_core.package_identification:_identify(.) by extensions ['ros']
[8.969s] Level 1:colcon.colcon_core.package_identification:_identify(.) by extension 'ros'
[9.016s] Level 1:colcon.colcon_core.package_identification:_identify(.) by extensions ['cmake', 'python']
[9.016s] Level 1:colcon.colcon_core.package_identification:_identify(.) by extension 'cmake'
[9.016s] Level 1:colcon.colcon_core.package_identification:_identify(.) by extension 'python'
[9.016s] Level 1:colcon.colcon_core.package_identification:_identify(.) by extensions ['python_setup_py']
[9.016s] Level 1:colcon.colcon_core.package_identification:_identify(.) by extension 'python_setup_py'
[9.017s] Level 1:colcon.colcon_core.package_identification:_identify(build) by extensions ['ignore', 'ignore_ament_install']
[9.017s] Level 1:colcon.colcon_core.package_identification:_identify(build) by extension 'ignore'
[9.017s] Level 1:colcon.colcon_core.package_identification:_identify(build) ignored
[9.018s] Level 1:colcon.colcon_core.package_identification:_identify(install) by extensions ['ignore', 'ignore_ament_install']
[9.018s] Level 1:colcon.colcon_core.package_identification:_identify(install) by extension 'ignore'
[9.019s] Level 1:colcon.colcon_core.package_identification:_identify(install) ignored
[9.020s] Level 1:colcon.colcon_core.package_identification:_identify(log) by extensions ['ignore', 'ignore_ament_install']
[9.020s] Level 1:colcon.colcon_core.package_identification:_identify(log) by extension 'ignore'
[9.021s] Level 1:colcon.colcon_core.package_identification:_identify(log) ignored
[9.022s] Level 1:colcon.colcon_core.package_identification:_identify(src) by extensions ['ignore', 'ignore_ament_install']
[9.022s] Level 1:colcon.colcon_core.package_identification:_identify(src) by extension 'ignore'
[9.023s] Level 1:colcon.colcon_core.package_identification:_identify(src) by extension 'ignore_ament_install'
[9.023s] Level 1:colcon.colcon_core.package_identification:_identify(src) by extensions ['colcon_pkg']
[9.023s] Level 1:colcon.colcon_core.package_identification:_identify(src) by extension 'colcon_pkg'
[9.024s] Level 1:colcon.colcon_core.package_identification:_identify(src) by extensions ['colcon_meta']
[9.024s] Level 1:colcon.colcon_core.package_identification:_identify(src) by extension 'colcon_meta'
[9.025s] Level 1:colcon.colcon_core.package_identification:_identify(src) by extensions ['ros']
[9.025s] Level 1:colcon.colcon_core.package_identification:_identify(src) by extension 'ros'
[9.026s] Level 1:colcon.colcon_core.package_identification:_identify(src) by extensions ['cmake', 'python']
[9.026s] Level 1:colcon.colcon_core.package_identification:_identify(src) by extension 'cmake'
[9.027s] Level 1:colcon.colcon_core.package_identification:_identify(src) by extension 'python'
[9.027s] Level 1:colcon.colcon_core.package_identification:_identify(src) by extensions ['python_setup_py']
[9.028s] Level 1:colcon.colcon_core.package_identification:_identify(src) by extension 'python_setup_py'
[9.029s] Level 1:colcon.colcon_core.package_identification:_identify(src/my_pointcloud) by extensions ['ignore', 'ignore_ament_install']
[9.029s] Level 1:colcon.colcon_core.package_identification:_identify(src/my_pointcloud) by extension 'ignore'
[9.030s] Level 1:colcon.colcon_core.package_identification:_identify(src/my_pointcloud) by extension 'ignore_ament_install'
[9.031s] Level 1:colcon.colcon_core.package_identification:_identify(src/my_pointcloud) by extensions ['colcon_pkg']
[9.031s] Level 1:colcon.colcon_core.package_identification:_identify(src/my_pointcloud) by extension 'colcon_pkg'
[9.031s] Level 1:colcon.colcon_core.package_identification:_identify(src/my_pointcloud) by extensions ['colcon_meta']
[9.032s] Level 1:colcon.colcon_core.package_identification:_identify(src/my_pointcloud) by extension 'colcon_meta'
[9.032s] Level 1:colcon.colcon_core.package_identification:_identify(src/my_pointcloud) by extensions ['ros']
[9.033s] Level 1:colcon.colcon_core.package_identification:_identify(src/my_pointcloud) by extension 'ros'
[9.052s] DEBUG:colcon.colcon_core.package_identification:Package 'src/my_pointcloud' with type 'ros.ament_python' and name 'my_pointcloud'
[9.052s] Level 1:colcon.colcon_core.package_discovery:discover_packages(recursive) using defaults
[9.052s] Level 1:colcon.colcon_core.package_discovery:discover_packages(ignore) discover
[9.053s] Level 1:colcon.colcon_core.package_discovery:discover_packages(ignore) using defaults
[9.053s] Level 1:colcon.colcon_core.package_discovery:discover_packages(path) discover
[9.053s] Level 1:colcon.colcon_core.package_discovery:discover_packages(path) using defaults
[9.454s] Level 1:colcon.colcon_core.package_discovery:discover_packages(prefix_path) check parameters
[9.454s] Level 1:colcon.colcon_core.package_discovery:discover_packages(prefix_path) discover
[9.599s] DEBUG:colcon.colcon_installed_package_information.package_discovery:Found 1 installed packages in /home/stereocamera/ros2_stereo_camera_analyse/install
[9.670s] DEBUG:colcon.colcon_installed_package_information.package_discovery:Found 1 installed packages in /home/stereocamera/ros2_3D/install
[9.739s] DEBUG:colcon.colcon_installed_package_information.package_discovery:Found 1 installed packages in /home/stereocamera/ros2_gui/install
[9.812s] DEBUG:colcon.colcon_installed_package_information.package_discovery:Found 273 installed packages in /opt/ros/humble
[9.818s] Level 1:colcon.colcon_core.package_discovery:discover_packages(prefix_path) using defaults
[10.210s] Level 5:colcon.colcon_core.verb:set package 'my_pointcloud' build argument 'cmake_args' from command line to 'None'
[10.210s] Level 5:colcon.colcon_core.verb:set package 'my_pointcloud' build argument 'cmake_target' from command line to 'None'
[10.210s] Level 5:colcon.colcon_core.verb:set package 'my_pointcloud' build argument 'cmake_target_skip_unavailable' from command line to 'False'
[10.210s] Level 5:colcon.colcon_core.verb:set package 'my_pointcloud' build argument 'cmake_clean_cache' from command line to 'False'
[10.211s] Level 5:colcon.colcon_core.verb:set package 'my_pointcloud' build argument 'cmake_clean_first' from command line to 'False'
[10.211s] Level 5:colcon.colcon_core.verb:set package 'my_pointcloud' build argument 'cmake_force_configure' from command line to 'False'
[10.211s] Level 5:colcon.colcon_core.verb:set package 'my_pointcloud' build argument 'ament_cmake_args' from command line to 'None'
[10.211s] Level 5:colcon.colcon_core.verb:set package 'my_pointcloud' build argument 'catkin_cmake_args' from command line to 'None'
[10.211s] Level 5:colcon.colcon_core.verb:set package 'my_pointcloud' build argument 'catkin_skip_building_tests' from command line to 'False'
[10.211s] DEBUG:colcon.colcon_core.verb:Building package 'my_pointcloud' with the following arguments: {'ament_cmake_args': None, 'build_base': '/home/stereocamera/ros2_3D/build/my_pointcloud', 'catkin_cmake_args': None, 'catkin_skip_building_tests': False, 'cmake_args': None, 'cmake_clean_cache': False, 'cmake_clean_first': False, 'cmake_force_configure': False, 'cmake_target': None, 'cmake_target_skip_unavailable': False, 'install_base': '/home/stereocamera/ros2_3D/install/my_pointcloud', 'merge_install': False, 'path': '/home/stereocamera/ros2_3D/src/my_pointcloud', 'symlink_install': False, 'test_result_base': None}
[10.279s] INFO:colcon.colcon_core.executor:Executing jobs using 'parallel' executor
[10.355s] DEBUG:colcon.colcon_parallel_executor.executor.parallel:run_until_complete
[10.355s] INFO:colcon.colcon_ros.task.ament_python.build:Building ROS package in '/home/stereocamera/ros2_3D/src/my_pointcloud' with build type 'ament_python'
[10.356s] Level 1:colcon.colcon_core.shell:create_environment_hook('my_pointcloud', 'ament_prefix_path')
[10.430s] INFO:colcon.colcon_core.plugin_system:Skipping extension 'colcon_core.shell.bat': Not used on non-Windows systems
[10.431s] INFO:colcon.colcon_core.shell:Creating environment hook '/home/stereocamera/ros2_3D/install/my_pointcloud/share/my_pointcloud/hook/ament_prefix_path.ps1'
[10.434s] INFO:colcon.colcon_core.shell:Creating environment descriptor '/home/stereocamera/ros2_3D/install/my_pointcloud/share/my_pointcloud/hook/ament_prefix_path.dsv'
[10.436s] INFO:colcon.colcon_core.shell:Creating environment hook '/home/stereocamera/ros2_3D/install/my_pointcloud/share/my_pointcloud/hook/ament_prefix_path.sh'
[10.508s] INFO:colcon.colcon_core.shell:Skip shell extension 'powershell' for command environment: Not usable outside of PowerShell
[10.508s] DEBUG:colcon.colcon_core.shell:Skip shell extension 'dsv' for command environment
[12.162s] INFO:colcon.colcon_core.task.python.build:Building Python package in '/home/stereocamera/ros2_3D/src/my_pointcloud'
[12.249s] INFO:colcon.colcon_core.shell:Skip shell extension 'powershell' for command environment: Not usable outside of PowerShell
[12.249s] DEBUG:colcon.colcon_core.shell:Skip shell extension 'dsv' for command environment
[14.592s] DEBUG:colcon.colcon_core.event_handler.log_command:Invoking command in '/home/stereocamera/ros2_3D/src/my_pointcloud': PYTHONPATH=/home/stereocamera/ros2_3D/build/my_pointcloud/prefix_override:/home/stereocamera/ros2_3D/install/my_pointcloud/lib/python3.10/site-packages:${PYTHONPATH} /usr/bin/python3 setup.py egg_info --egg-base ../../build/my_pointcloud build --build-base /home/stereocamera/ros2_3D/build/my_pointcloud/build install --record /home/stereocamera/ros2_3D/build/my_pointcloud/install.log --single-version-externally-managed
[16.190s] DEBUG:colcon.colcon_core.event_handler.log_command:Invoked command in '/home/stereocamera/ros2_3D/src/my_pointcloud' returned '0': PYTHONPATH=/home/stereocamera/ros2_3D/build/my_pointcloud/prefix_override:/home/stereocamera/ros2_3D/install/my_pointcloud/lib/python3.10/site-packages:${PYTHONPATH} /usr/bin/python3 setup.py egg_info --egg-base ../../build/my_pointcloud build --build-base /home/stereocamera/ros2_3D/build/my_pointcloud/build install --record /home/stereocamera/ros2_3D/build/my_pointcloud/install.log --single-version-externally-managed
[16.306s] Level 1:colcon.colcon_core.environment:checking '/home/stereocamera/ros2_3D/install/my_pointcloud' for CMake module files
[16.309s] Level 1:colcon.colcon_core.environment:checking '/home/stereocamera/ros2_3D/install/my_pointcloud' for CMake config files
[16.312s] Level 1:colcon.colcon_core.environment:checking '/home/stereocamera/ros2_3D/install/my_pointcloud/lib'
[16.313s] Level 1:colcon.colcon_core.environment:checking '/home/stereocamera/ros2_3D/install/my_pointcloud/bin'
[16.313s] Level 1:colcon.colcon_core.environment:checking '/home/stereocamera/ros2_3D/install/my_pointcloud/lib/pkgconfig/my_pointcloud.pc'
[16.314s] Level 1:colcon.colcon_core.environment:checking '/home/stereocamera/ros2_3D/install/my_pointcloud/lib/python3.10/site-packages'
[16.314s] Level 1:colcon.colcon_core.shell:create_environment_hook('my_pointcloud', 'pythonpath')
[16.467s] INFO:colcon.colcon_core.shell:Creating environment hook '/home/stereocamera/ros2_3D/install/my_pointcloud/share/my_pointcloud/hook/pythonpath.ps1'
[16.470s] INFO:colcon.colcon_core.shell:Creating environment descriptor '/home/stereocamera/ros2_3D/install/my_pointcloud/share/my_pointcloud/hook/pythonpath.dsv'
[16.472s] INFO:colcon.colcon_core.shell:Creating environment hook '/home/stereocamera/ros2_3D/install/my_pointcloud/share/my_pointcloud/hook/pythonpath.sh'
[16.476s] Level 1:colcon.colcon_core.environment:checking '/home/stereocamera/ros2_3D/install/my_pointcloud/bin'
[16.477s] Level 1:colcon.colcon_core.environment:create_environment_scripts_only(my_pointcloud)
[16.580s] INFO:colcon.colcon_core.shell:Creating package script '/home/stereocamera/ros2_3D/install/my_pointcloud/share/my_pointcloud/package.ps1'
[16.585s] INFO:colcon.colcon_core.shell:Creating package descriptor '/home/stereocamera/ros2_3D/install/my_pointcloud/share/my_pointcloud/package.dsv'
[16.588s] INFO:colcon.colcon_core.shell:Creating package script '/home/stereocamera/ros2_3D/install/my_pointcloud/share/my_pointcloud/package.sh'
[16.593s] INFO:colcon.colcon_core.shell:Creating package script '/home/stereocamera/ros2_3D/install/my_pointcloud/share/my_pointcloud/package.bash'
[16.596s] INFO:colcon.colcon_core.shell:Creating package script '/home/stereocamera/ros2_3D/install/my_pointcloud/share/my_pointcloud/package.zsh'
[16.599s] Level 1:colcon.colcon_core.environment:create_file_with_runtime_dependencies(/home/stereocamera/ros2_3D/install/my_pointcloud/share/colcon-core/packages/my_pointcloud)
[16.602s] DEBUG:colcon.colcon_parallel_executor.executor.parallel:closing loop
[16.604s] DEBUG:colcon.colcon_parallel_executor.executor.parallel:loop closed
[16.605s] DEBUG:colcon.colcon_parallel_executor.executor.parallel:run_until_complete finished with '0'
[16.605s] DEBUG:colcon.colcon_core.event_reactor:joining thread
[16.725s] INFO:colcon.colcon_core.plugin_system:Skipping extension 'colcon_notification.desktop_notification.terminal_notifier': Not used on non-Darwin systems
[16.725s] INFO:colcon.colcon_core.plugin_system:Skipping extension 'colcon_notification.desktop_notification.win32': Not used on non-Windows systems
[16.726s] INFO:colcon.colcon_notification.desktop_notification:Sending desktop notification using 'notify2'
[16.774s] DEBUG:colcon.colcon_core.event_reactor:joined thread
[16.896s] INFO:colcon.colcon_core.shell:Creating prefix script '/home/stereocamera/ros2_3D/install/local_setup.ps1'
[16.901s] INFO:colcon.colcon_core.shell:Creating prefix util module '/home/stereocamera/ros2_3D/install/_local_setup_util_ps1.py'
[16.907s] INFO:colcon.colcon_core.shell:Creating prefix chain script '/home/stereocamera/ros2_3D/install/setup.ps1'
[16.992s] INFO:colcon.colcon_core.shell:Creating prefix script '/home/stereocamera/ros2_3D/install/local_setup.sh'
[16.995s] INFO:colcon.colcon_core.shell:Creating prefix util module '/home/stereocamera/ros2_3D/install/_local_setup_util_sh.py'
[16.997s] INFO:colcon.colcon_core.shell:Creating prefix chain script '/home/stereocamera/ros2_3D/install/setup.sh'
[17.065s] INFO:colcon.colcon_core.shell:Creating prefix script '/home/stereocamera/ros2_3D/install/local_setup.bash'
[17.067s] INFO:colcon.colcon_core.shell:Creating prefix chain script '/home/stereocamera/ros2_3D/install/setup.bash'
[17.139s] INFO:colcon.colcon_core.shell:Creating prefix script '/home/stereocamera/ros2_3D/install/local_setup.zsh'
[17.141s] INFO:colcon.colcon_core.shell:Creating prefix chain script '/home/stereocamera/ros2_3D/install/setup.zsh'
