[5.550s] DEBUG:colcon:Command line arguments: ['/usr/bin/colcon', 'build']
[5.551s] DEBUG:colcon:Parsed command line arguments: Namespace(log_base=None, log_level=None, verb_name='build', build_base='build', install_base='install', merge_install=False, symlink_install=False, test_result_base=None, continue_on_error=False, executor='parallel', parallel_workers=4, event_handlers=None, ignore_user_meta=False, metas=['./colcon.meta'], base_paths=['.'], packages_ignore=None, packages_ignore_regex=None, paths=None, packages_up_to=None, packages_up_to_regex=None, packages_above=None, packages_above_and_dependencies=None, packages_above_depth=None, packages_select_by_dep=None, packages_skip_by_dep=None, packages_skip_up_to=None, packages_select_build_failed=False, packages_skip_build_finished=False, packages_select_test_failures=False, packages_skip_test_passed=False, packages_select=None, packages_skip=None, packages_select_regex=None, packages_skip_regex=None, packages_start=None, packages_end=None, allow_overriding=[], cmake_args=None, cmake_target=None, cmake_target_skip_unavailable=False, cmake_clean_cache=False, cmake_clean_first=False, cmake_force_configure=False, ament_cmake_args=None, catkin_cmake_args=None, catkin_skip_building_tests=False, verb_parser=<colcon_defaults.argument_parser.defaults.DefaultArgumentsDecorator object at 0xffffb6057310>, verb_extension=<colcon_core.verb.build.BuildVerb object at 0xffffb64ffe20>, main=<bound method BuildVerb.main of <colcon_core.verb.build.BuildVerb object at 0xffffb64ffe20>>)
[5.774s] Level 1:colcon.colcon_core.package_discovery:discover_packages(colcon_meta) check parameters
[5.775s] Level 1:colcon.colcon_core.package_discovery:discover_packages(recursive) check parameters
[5.775s] Level 1:colcon.colcon_core.package_discovery:discover_packages(ignore) check parameters
[5.775s] Level 1:colcon.colcon_core.package_discovery:discover_packages(path) check parameters
[5.775s] Level 1:colcon.colcon_core.package_discovery:discover_packages(colcon_meta) discover
[5.775s] Level 1:colcon.colcon_core.package_discovery:discover_packages(recursive) discover
[5.776s] INFO:colcon.colcon_core.package_discovery:Crawling recursively for packages in '/home/niklas/ros_3d'
[5.776s] Level 1:colcon.colcon_core.package_identification:_identify(.) by extensions ['ignore', 'ignore_ament_install']
[5.777s] Level 1:colcon.colcon_core.package_identification:_identify(.) by extension 'ignore'
[5.777s] Level 1:colcon.colcon_core.package_identification:_identify(.) by extension 'ignore_ament_install'
[5.777s] Level 1:colcon.colcon_core.package_identification:_identify(.) by extensions ['colcon_pkg']
[5.777s] Level 1:colcon.colcon_core.package_identification:_identify(.) by extension 'colcon_pkg'
[5.777s] Level 1:colcon.colcon_core.package_identification:_identify(.) by extensions ['colcon_meta']
[5.778s] Level 1:colcon.colcon_core.package_identification:_identify(.) by extension 'colcon_meta'
[5.778s] Level 1:colcon.colcon_core.package_identification:_identify(.) by extensions ['ros']
[5.778s] Level 1:colcon.colcon_core.package_identification:_identify(.) by extension 'ros'
[5.824s] Level 1:colcon.colcon_core.package_identification:_identify(.) by extensions ['cmake', 'python']
[5.824s] Level 1:colcon.colcon_core.package_identification:_identify(.) by extension 'cmake'
[5.825s] Level 1:colcon.colcon_core.package_identification:_identify(.) by extension 'python'
[5.825s] Level 1:colcon.colcon_core.package_identification:_identify(.) by extensions ['python_setup_py']
[5.825s] Level 1:colcon.colcon_core.package_identification:_identify(.) by extension 'python_setup_py'
[5.826s] Level 1:colcon.colcon_core.package_identification:_identify(build) by extensions ['ignore', 'ignore_ament_install']
[5.826s] Level 1:colcon.colcon_core.package_identification:_identify(build) by extension 'ignore'
[5.826s] Level 1:colcon.colcon_core.package_identification:_identify(build) ignored
[5.827s] Level 1:colcon.colcon_core.package_identification:_identify(install) by extensions ['ignore', 'ignore_ament_install']
[5.827s] Level 1:colcon.colcon_core.package_identification:_identify(install) by extension 'ignore'
[5.827s] Level 1:colcon.colcon_core.package_identification:_identify(install) ignored
[5.828s] Level 1:colcon.colcon_core.package_identification:_identify(log) by extensions ['ignore', 'ignore_ament_install']
[5.828s] Level 1:colcon.colcon_core.package_identification:_identify(log) by extension 'ignore'
[5.829s] Level 1:colcon.colcon_core.package_identification:_identify(log) ignored
[5.829s] Level 1:colcon.colcon_core.package_identification:_identify(src) by extensions ['ignore', 'ignore_ament_install']
[5.829s] Level 1:colcon.colcon_core.package_identification:_identify(src) by extension 'ignore'
[5.830s] Level 1:colcon.colcon_core.package_identification:_identify(src) by extension 'ignore_ament_install'
[5.830s] Level 1:colcon.colcon_core.package_identification:_identify(src) by extensions ['colcon_pkg']
[5.830s] Level 1:colcon.colcon_core.package_identification:_identify(src) by extension 'colcon_pkg'
[5.830s] Level 1:colcon.colcon_core.package_identification:_identify(src) by extensions ['colcon_meta']
[5.830s] Level 1:colcon.colcon_core.package_identification:_identify(src) by extension 'colcon_meta'
[5.831s] Level 1:colcon.colcon_core.package_identification:_identify(src) by extensions ['ros']
[5.831s] Level 1:colcon.colcon_core.package_identification:_identify(src) by extension 'ros'
[5.831s] Level 1:colcon.colcon_core.package_identification:_identify(src) by extensions ['cmake', 'python']
[5.831s] Level 1:colcon.colcon_core.package_identification:_identify(src) by extension 'cmake'
[5.831s] Level 1:colcon.colcon_core.package_identification:_identify(src) by extension 'python'
[5.831s] Level 1:colcon.colcon_core.package_identification:_identify(src) by extensions ['python_setup_py']
[5.832s] Level 1:colcon.colcon_core.package_identification:_identify(src) by extension 'python_setup_py'
[5.832s] Level 1:colcon.colcon_core.package_identification:_identify(src/my_pointcloud) by extensions ['ignore', 'ignore_ament_install']
[5.832s] Level 1:colcon.colcon_core.package_identification:_identify(src/my_pointcloud) by extension 'ignore'
[5.833s] Level 1:colcon.colcon_core.package_identification:_identify(src/my_pointcloud) by extension 'ignore_ament_install'
[5.833s] Level 1:colcon.colcon_core.package_identification:_identify(src/my_pointcloud) by extensions ['colcon_pkg']
[5.833s] Level 1:colcon.colcon_core.package_identification:_identify(src/my_pointcloud) by extension 'colcon_pkg'
[5.833s] Level 1:colcon.colcon_core.package_identification:_identify(src/my_pointcloud) by extensions ['colcon_meta']
[5.833s] Level 1:colcon.colcon_core.package_identification:_identify(src/my_pointcloud) by extension 'colcon_meta'
[5.834s] Level 1:colcon.colcon_core.package_identification:_identify(src/my_pointcloud) by extensions ['ros']
[5.834s] Level 1:colcon.colcon_core.package_identification:_identify(src/my_pointcloud) by extension 'ros'
[5.843s] DEBUG:colcon.colcon_core.package_identification:Package 'src/my_pointcloud' with type 'ros.ament_python' and name 'my_pointcloud'
[5.843s] Level 1:colcon.colcon_core.package_discovery:discover_packages(recursive) using defaults
[5.843s] Level 1:colcon.colcon_core.package_discovery:discover_packages(ignore) discover
[5.843s] Level 1:colcon.colcon_core.package_discovery:discover_packages(ignore) using defaults
[5.843s] Level 1:colcon.colcon_core.package_discovery:discover_packages(path) discover
[5.843s] Level 1:colcon.colcon_core.package_discovery:discover_packages(path) using defaults
[6.462s] Level 1:colcon.colcon_core.package_discovery:discover_packages(prefix_path) check parameters
[6.462s] Level 1:colcon.colcon_core.package_discovery:discover_packages(prefix_path) discover
[6.619s] DEBUG:colcon.colcon_installed_package_information.package_discovery:Found 1 installed packages in /home/niklas/ros_3d/install
[6.735s] DEBUG:colcon.colcon_installed_package_information.package_discovery:Found 1 installed packages in /home/niklas/ros2_gui/install
[6.813s] DEBUG:colcon.colcon_installed_package_information.package_discovery:Found 1 installed packages in /home/niklas/ros2-stereo-camera-analyse/install
[6.897s] DEBUG:colcon.colcon_installed_package_information.package_discovery:Found 273 installed packages in /opt/ros/humble
[6.903s] Level 1:colcon.colcon_core.package_discovery:discover_packages(prefix_path) using defaults
[7.334s] Level 5:colcon.colcon_core.verb:set package 'my_pointcloud' build argument 'cmake_args' from command line to 'None'
[7.334s] Level 5:colcon.colcon_core.verb:set package 'my_pointcloud' build argument 'cmake_target' from command line to 'None'
[7.334s] Level 5:colcon.colcon_core.verb:set package 'my_pointcloud' build argument 'cmake_target_skip_unavailable' from command line to 'False'
[7.334s] Level 5:colcon.colcon_core.verb:set package 'my_pointcloud' build argument 'cmake_clean_cache' from command line to 'False'
[7.334s] Level 5:colcon.colcon_core.verb:set package 'my_pointcloud' build argument 'cmake_clean_first' from command line to 'False'
[7.334s] Level 5:colcon.colcon_core.verb:set package 'my_pointcloud' build argument 'cmake_force_configure' from command line to 'False'
[7.335s] Level 5:colcon.colcon_core.verb:set package 'my_pointcloud' build argument 'ament_cmake_args' from command line to 'None'
[7.335s] Level 5:colcon.colcon_core.verb:set package 'my_pointcloud' build argument 'catkin_cmake_args' from command line to 'None'
[7.335s] Level 5:colcon.colcon_core.verb:set package 'my_pointcloud' build argument 'catkin_skip_building_tests' from command line to 'False'
[7.335s] DEBUG:colcon.colcon_core.verb:Building package 'my_pointcloud' with the following arguments: {'ament_cmake_args': None, 'build_base': '/home/niklas/ros_3d/build/my_pointcloud', 'catkin_cmake_args': None, 'catkin_skip_building_tests': False, 'cmake_args': None, 'cmake_clean_cache': False, 'cmake_clean_first': False, 'cmake_force_configure': False, 'cmake_target': None, 'cmake_target_skip_unavailable': False, 'install_base': '/home/niklas/ros_3d/install/my_pointcloud', 'merge_install': False, 'path': '/home/niklas/ros_3d/src/my_pointcloud', 'symlink_install': False, 'test_result_base': None}
[7.408s] INFO:colcon.colcon_core.executor:Executing jobs using 'parallel' executor
[7.488s] DEBUG:colcon.colcon_parallel_executor.executor.parallel:run_until_complete
[7.489s] INFO:colcon.colcon_ros.task.ament_python.build:Building ROS package in '/home/niklas/ros_3d/src/my_pointcloud' with build type 'ament_python'
[7.490s] Level 1:colcon.colcon_core.shell:create_environment_hook('my_pointcloud', 'ament_prefix_path')
[7.604s] INFO:colcon.colcon_core.plugin_system:Skipping extension 'colcon_core.shell.bat': Not used on non-Windows systems
[7.605s] INFO:colcon.colcon_core.shell:Creating environment hook '/home/niklas/ros_3d/install/my_pointcloud/share/my_pointcloud/hook/ament_prefix_path.ps1'
[7.609s] INFO:colcon.colcon_core.shell:Creating environment descriptor '/home/niklas/ros_3d/install/my_pointcloud/share/my_pointcloud/hook/ament_prefix_path.dsv'
[7.611s] INFO:colcon.colcon_core.shell:Creating environment hook '/home/niklas/ros_3d/install/my_pointcloud/share/my_pointcloud/hook/ament_prefix_path.sh'
[7.720s] INFO:colcon.colcon_core.shell:Skip shell extension 'powershell' for command environment: Not usable outside of PowerShell
[7.720s] DEBUG:colcon.colcon_core.shell:Skip shell extension 'dsv' for command environment
[9.766s] INFO:colcon.colcon_core.task.python.build:Building Python package in '/home/niklas/ros_3d/src/my_pointcloud'
[9.848s] INFO:colcon.colcon_core.shell:Skip shell extension 'powershell' for command environment: Not usable outside of PowerShell
[9.849s] DEBUG:colcon.colcon_core.shell:Skip shell extension 'dsv' for command environment
[12.278s] DEBUG:colcon.colcon_core.event_handler.log_command:Invoking command in '/home/niklas/ros_3d/src/my_pointcloud': PYTHONPATH=/home/niklas/ros_3d/build/my_pointcloud/prefix_override:/home/niklas/ros_3d/install/my_pointcloud/lib/python3.10/site-packages:${PYTHONPATH} /usr/bin/python3 setup.py egg_info --egg-base ../../build/my_pointcloud build --build-base /home/niklas/ros_3d/build/my_pointcloud/build install --record /home/niklas/ros_3d/build/my_pointcloud/install.log --single-version-externally-managed
[13.967s] DEBUG:colcon.colcon_core.event_handler.log_command:Invoked command in '/home/niklas/ros_3d/src/my_pointcloud' returned '0': PYTHONPATH=/home/niklas/ros_3d/build/my_pointcloud/prefix_override:/home/niklas/ros_3d/install/my_pointcloud/lib/python3.10/site-packages:${PYTHONPATH} /usr/bin/python3 setup.py egg_info --egg-base ../../build/my_pointcloud build --build-base /home/niklas/ros_3d/build/my_pointcloud/build install --record /home/niklas/ros_3d/build/my_pointcloud/install.log --single-version-externally-managed
[14.070s] Level 1:colcon.colcon_core.environment:checking '/home/niklas/ros_3d/install/my_pointcloud' for CMake module files
[14.072s] Level 1:colcon.colcon_core.environment:checking '/home/niklas/ros_3d/install/my_pointcloud' for CMake config files
[14.079s] Level 1:colcon.colcon_core.environment:checking '/home/niklas/ros_3d/install/my_pointcloud/lib'
[14.080s] Level 1:colcon.colcon_core.environment:checking '/home/niklas/ros_3d/install/my_pointcloud/bin'
[14.081s] Level 1:colcon.colcon_core.environment:checking '/home/niklas/ros_3d/install/my_pointcloud/lib/pkgconfig/my_pointcloud.pc'
[14.082s] Level 1:colcon.colcon_core.environment:checking '/home/niklas/ros_3d/install/my_pointcloud/lib/python3.10/site-packages'
[14.082s] Level 1:colcon.colcon_core.shell:create_environment_hook('my_pointcloud', 'pythonpath')
[14.167s] INFO:colcon.colcon_core.shell:Creating environment hook '/home/niklas/ros_3d/install/my_pointcloud/share/my_pointcloud/hook/pythonpath.ps1'
[14.169s] INFO:colcon.colcon_core.shell:Creating environment descriptor '/home/niklas/ros_3d/install/my_pointcloud/share/my_pointcloud/hook/pythonpath.dsv'
[14.171s] INFO:colcon.colcon_core.shell:Creating environment hook '/home/niklas/ros_3d/install/my_pointcloud/share/my_pointcloud/hook/pythonpath.sh'
[14.174s] Level 1:colcon.colcon_core.environment:checking '/home/niklas/ros_3d/install/my_pointcloud/bin'
[14.175s] Level 1:colcon.colcon_core.environment:create_environment_scripts_only(my_pointcloud)
[14.264s] INFO:colcon.colcon_core.shell:Creating package script '/home/niklas/ros_3d/install/my_pointcloud/share/my_pointcloud/package.ps1'
[14.267s] INFO:colcon.colcon_core.shell:Creating package descriptor '/home/niklas/ros_3d/install/my_pointcloud/share/my_pointcloud/package.dsv'
[14.270s] INFO:colcon.colcon_core.shell:Creating package script '/home/niklas/ros_3d/install/my_pointcloud/share/my_pointcloud/package.sh'
[14.274s] INFO:colcon.colcon_core.shell:Creating package script '/home/niklas/ros_3d/install/my_pointcloud/share/my_pointcloud/package.bash'
[14.281s] INFO:colcon.colcon_core.shell:Creating package script '/home/niklas/ros_3d/install/my_pointcloud/share/my_pointcloud/package.zsh'
[14.284s] Level 1:colcon.colcon_core.environment:create_file_with_runtime_dependencies(/home/niklas/ros_3d/install/my_pointcloud/share/colcon-core/packages/my_pointcloud)
[14.286s] DEBUG:colcon.colcon_parallel_executor.executor.parallel:closing loop
[14.288s] DEBUG:colcon.colcon_parallel_executor.executor.parallel:loop closed
[14.289s] DEBUG:colcon.colcon_parallel_executor.executor.parallel:run_until_complete finished with '0'
[14.289s] DEBUG:colcon.colcon_core.event_reactor:joining thread
[14.408s] INFO:colcon.colcon_core.plugin_system:Skipping extension 'colcon_notification.desktop_notification.terminal_notifier': Not used on non-Darwin systems
[14.408s] INFO:colcon.colcon_core.plugin_system:Skipping extension 'colcon_notification.desktop_notification.win32': Not used on non-Windows systems
[14.408s] INFO:colcon.colcon_notification.desktop_notification:Sending desktop notification using 'notify2'
[14.458s] DEBUG:colcon.colcon_core.event_reactor:joined thread
[14.585s] INFO:colcon.colcon_core.shell:Creating prefix script '/home/niklas/ros_3d/install/local_setup.ps1'
[14.593s] INFO:colcon.colcon_core.shell:Creating prefix util module '/home/niklas/ros_3d/install/_local_setup_util_ps1.py'
[14.600s] INFO:colcon.colcon_core.shell:Creating prefix chain script '/home/niklas/ros_3d/install/setup.ps1'
[14.707s] INFO:colcon.colcon_core.shell:Creating prefix script '/home/niklas/ros_3d/install/local_setup.sh'
[14.709s] INFO:colcon.colcon_core.shell:Creating prefix util module '/home/niklas/ros_3d/install/_local_setup_util_sh.py'
[14.712s] INFO:colcon.colcon_core.shell:Creating prefix chain script '/home/niklas/ros_3d/install/setup.sh'
[14.814s] INFO:colcon.colcon_core.shell:Creating prefix script '/home/niklas/ros_3d/install/local_setup.bash'
[14.816s] INFO:colcon.colcon_core.shell:Creating prefix chain script '/home/niklas/ros_3d/install/setup.bash'
[14.918s] INFO:colcon.colcon_core.shell:Creating prefix script '/home/niklas/ros_3d/install/local_setup.zsh'
[14.921s] INFO:colcon.colcon_core.shell:Creating prefix chain script '/home/niklas/ros_3d/install/setup.zsh'
