[4.968s] Invoking command in '/home/niklas/ros_3d/src/my_pointcloud': PYTHONPATH=/home/niklas/ros_3d/build/my_pointcloud/prefix_override:/home/niklas/ros_3d/install/my_pointcloud/lib/python3.10/site-packages:${PYTHONPATH} /usr/bin/python3 setup.py egg_info --egg-base ../../build/my_pointcloud build --build-base /home/niklas/ros_3d/build/my_pointcloud/build install --record /home/niklas/ros_3d/build/my_pointcloud/install.log --single-version-externally-managed
[6.468s] running egg_info
[6.470s] writing ../../build/my_pointcloud/my_pointcloud.egg-info/PKG-INFO
[6.472s] writing dependency_links to ../../build/my_pointcloud/my_pointcloud.egg-info/dependency_links.txt
[6.473s] writing entry points to ../../build/my_pointcloud/my_pointcloud.egg-info/entry_points.txt
[6.473s] writing requirements to ../../build/my_pointcloud/my_pointcloud.egg-info/requires.txt
[6.474s] writing top-level names to ../../build/my_pointcloud/my_pointcloud.egg-info/top_level.txt
[6.482s] reading manifest file '../../build/my_pointcloud/my_pointcloud.egg-info/SOURCES.txt'
[6.487s] writing manifest file '../../build/my_pointcloud/my_pointcloud.egg-info/SOURCES.txt'
[6.489s] running build
[6.491s] running build_py
[6.492s] copying my_pointcloud/my_3d_node.py -> /home/niklas/ros_3d/build/my_pointcloud/build/lib/my_pointcloud
[6.494s] running install
[6.497s] running install_lib
[6.510s] copying /home/niklas/ros_3d/build/my_pointcloud/build/lib/my_pointcloud/my_3d_node.py -> /home/niklas/ros_3d/install/my_pointcloud/lib/python3.10/site-packages/my_pointcloud
[6.511s] byte-compiling /home/niklas/ros_3d/install/my_pointcloud/lib/python3.10/site-packages/my_pointcloud/my_3d_node.py to my_3d_node.cpython-310.pyc
[6.511s] running install_data
[6.514s] running install_egg_info
[6.521s] removing '/home/niklas/ros_3d/install/my_pointcloud/lib/python3.10/site-packages/my_pointcloud-0.0.0-py3.10.egg-info' (and everything under it)
[6.528s] Copying ../../build/my_pointcloud/my_pointcloud.egg-info to /home/niklas/ros_3d/install/my_pointcloud/lib/python3.10/site-packages/my_pointcloud-0.0.0-py3.10.egg-info
[6.533s] running install_scripts
[6.617s] Installing 3d_node script to /home/niklas/ros_3d/install/my_pointcloud/lib/my_pointcloud
[6.619s] writing list of installed files to '/home/niklas/ros_3d/build/my_pointcloud/install.log'
[6.764s] Invoked command in '/home/niklas/ros_3d/src/my_pointcloud' returned '0': PYTHONPATH=/home/niklas/ros_3d/build/my_pointcloud/prefix_override:/home/niklas/ros_3d/install/my_pointcloud/lib/python3.10/site-packages:${PYTHONPATH} /usr/bin/python3 setup.py egg_info --egg-base ../../build/my_pointcloud build --build-base /home/niklas/ros_3d/build/my_pointcloud/build install --record /home/niklas/ros_3d/build/my_pointcloud/install.log --single-version-externally-managed
