[5.076s] DEBUG:colcon:Command line arguments: ['/usr/bin/colcon', 'build']
[5.076s] DEBUG:colcon:Parsed command line arguments: Namespace(log_base=None, log_level=None, verb_name='build', build_base='build', install_base='install', merge_install=False, symlink_install=False, test_result_base=None, continue_on_error=False, executor='parallel', parallel_workers=4, event_handlers=None, ignore_user_meta=False, metas=['./colcon.meta'], base_paths=['.'], packages_ignore=None, packages_ignore_regex=None, paths=None, packages_up_to=None, packages_up_to_regex=None, packages_above=None, packages_above_and_dependencies=None, packages_above_depth=None, packages_select_by_dep=None, packages_skip_by_dep=None, packages_skip_up_to=None, packages_select_build_failed=False, packages_skip_build_finished=False, packages_select_test_failures=False, packages_skip_test_passed=False, packages_select=None, packages_skip=None, packages_select_regex=None, packages_skip_regex=None, packages_start=None, packages_end=None, allow_overriding=[], cmake_args=None, cmake_target=None, cmake_target_skip_unavailable=False, cmake_clean_cache=False, cmake_clean_first=False, cmake_force_configure=False, ament_cmake_args=None, catkin_cmake_args=None, catkin_skip_building_tests=False, verb_parser=<colcon_defaults.argument_parser.defaults.DefaultArgumentsDecorator object at 0xffffbad4c580>, verb_extension=<colcon_core.verb.build.BuildVerb object at 0xffffbb009e10>, main=<bound method BuildVerb.main of <colcon_core.verb.build.BuildVerb object at 0xffffbb009e10>>)
[5.287s] Level 1:colcon.colcon_core.package_discovery:discover_packages(colcon_meta) check parameters
[5.288s] Level 1:colcon.colcon_core.package_discovery:discover_packages(recursive) check parameters
[5.288s] Level 1:colcon.colcon_core.package_discovery:discover_packages(ignore) check parameters
[5.288s] Level 1:colcon.colcon_core.package_discovery:discover_packages(path) check parameters
[5.288s] Level 1:colcon.colcon_core.package_discovery:discover_packages(colcon_meta) discover
[5.288s] Level 1:colcon.colcon_core.package_discovery:discover_packages(recursive) discover
[5.288s] INFO:colcon.colcon_core.package_discovery:Crawling recursively for packages in '/home/stereocamera/ros2_3D'
[5.289s] Level 1:colcon.colcon_core.package_identification:_identify(.) by extensions ['ignore', 'ignore_ament_install']
[5.289s] Level 1:colcon.colcon_core.package_identification:_identify(.) by extension 'ignore'
[5.290s] Level 1:colcon.colcon_core.package_identification:_identify(.) by extension 'ignore_ament_install'
[5.290s] Level 1:colcon.colcon_core.package_identification:_identify(.) by extensions ['colcon_pkg']
[5.290s] Level 1:colcon.colcon_core.package_identification:_identify(.) by extension 'colcon_pkg'
[5.290s] Level 1:colcon.colcon_core.package_identification:_identify(.) by extensions ['colcon_meta']
[5.290s] Level 1:colcon.colcon_core.package_identification:_identify(.) by extension 'colcon_meta'
[5.290s] Level 1:colcon.colcon_core.package_identification:_identify(.) by extensions ['ros']
[5.291s] Level 1:colcon.colcon_core.package_identification:_identify(.) by extension 'ros'
[5.352s] Level 1:colcon.colcon_core.package_identification:_identify(.) by extensions ['cmake', 'python']
[5.352s] Level 1:colcon.colcon_core.package_identification:_identify(.) by extension 'cmake'
[5.352s] Level 1:colcon.colcon_core.package_identification:_identify(.) by extension 'python'
[5.352s] Level 1:colcon.colcon_core.package_identification:_identify(.) by extensions ['python_setup_py']
[5.352s] Level 1:colcon.colcon_core.package_identification:_identify(.) by extension 'python_setup_py'
[5.353s] Level 1:colcon.colcon_core.package_identification:_identify(build) by extensions ['ignore', 'ignore_ament_install']
[5.354s] Level 1:colcon.colcon_core.package_identification:_identify(build) by extension 'ignore'
[5.354s] Level 1:colcon.colcon_core.package_identification:_identify(build) ignored
[5.354s] Level 1:colcon.colcon_core.package_identification:_identify(install) by extensions ['ignore', 'ignore_ament_install']
[5.355s] Level 1:colcon.colcon_core.package_identification:_identify(install) by extension 'ignore'
[5.355s] Level 1:colcon.colcon_core.package_identification:_identify(install) ignored
[5.356s] Level 1:colcon.colcon_core.package_identification:_identify(log) by extensions ['ignore', 'ignore_ament_install']
[5.356s] Level 1:colcon.colcon_core.package_identification:_identify(log) by extension 'ignore'
[5.357s] Level 1:colcon.colcon_core.package_identification:_identify(log) ignored
[5.357s] Level 1:colcon.colcon_core.package_identification:_identify(src) by extensions ['ignore', 'ignore_ament_install']
[5.358s] Level 1:colcon.colcon_core.package_identification:_identify(src) by extension 'ignore'
[5.358s] Level 1:colcon.colcon_core.package_identification:_identify(src) by extension 'ignore_ament_install'
[5.358s] Level 1:colcon.colcon_core.package_identification:_identify(src) by extensions ['colcon_pkg']
[5.358s] Level 1:colcon.colcon_core.package_identification:_identify(src) by extension 'colcon_pkg'
[5.358s] Level 1:colcon.colcon_core.package_identification:_identify(src) by extensions ['colcon_meta']
[5.359s] Level 1:colcon.colcon_core.package_identification:_identify(src) by extension 'colcon_meta'
[5.359s] Level 1:colcon.colcon_core.package_identification:_identify(src) by extensions ['ros']
[5.359s] Level 1:colcon.colcon_core.package_identification:_identify(src) by extension 'ros'
[5.359s] Level 1:colcon.colcon_core.package_identification:_identify(src) by extensions ['cmake', 'python']
[5.359s] Level 1:colcon.colcon_core.package_identification:_identify(src) by extension 'cmake'
[5.360s] Level 1:colcon.colcon_core.package_identification:_identify(src) by extension 'python'
[5.360s] Level 1:colcon.colcon_core.package_identification:_identify(src) by extensions ['python_setup_py']
[5.360s] Level 1:colcon.colcon_core.package_identification:_identify(src) by extension 'python_setup_py'
[5.360s] Level 1:colcon.colcon_core.package_identification:_identify(src/my_pointcloud) by extensions ['ignore', 'ignore_ament_install']
[5.361s] Level 1:colcon.colcon_core.package_identification:_identify(src/my_pointcloud) by extension 'ignore'
[5.361s] Level 1:colcon.colcon_core.package_identification:_identify(src/my_pointcloud) by extension 'ignore_ament_install'
[5.361s] Level 1:colcon.colcon_core.package_identification:_identify(src/my_pointcloud) by extensions ['colcon_pkg']
[5.361s] Level 1:colcon.colcon_core.package_identification:_identify(src/my_pointcloud) by extension 'colcon_pkg'
[5.361s] Level 1:colcon.colcon_core.package_identification:_identify(src/my_pointcloud) by extensions ['colcon_meta']
[5.361s] Level 1:colcon.colcon_core.package_identification:_identify(src/my_pointcloud) by extension 'colcon_meta'
[5.362s] Level 1:colcon.colcon_core.package_identification:_identify(src/my_pointcloud) by extensions ['ros']
[5.362s] Level 1:colcon.colcon_core.package_identification:_identify(src/my_pointcloud) by extension 'ros'
[5.371s] DEBUG:colcon.colcon_core.package_identification:Package 'src/my_pointcloud' with type 'ros.ament_python' and name 'my_pointcloud'
[5.371s] Level 1:colcon.colcon_core.package_discovery:discover_packages(recursive) using defaults
[5.371s] Level 1:colcon.colcon_core.package_discovery:discover_packages(ignore) discover
[5.371s] Level 1:colcon.colcon_core.package_discovery:discover_packages(ignore) using defaults
[5.372s] Level 1:colcon.colcon_core.package_discovery:discover_packages(path) discover
[5.372s] Level 1:colcon.colcon_core.package_discovery:discover_packages(path) using defaults
[5.779s] Level 1:colcon.colcon_core.package_discovery:discover_packages(prefix_path) check parameters
[5.779s] Level 1:colcon.colcon_core.package_discovery:discover_packages(prefix_path) discover
[5.919s] DEBUG:colcon.colcon_installed_package_information.package_discovery:Found 1 installed packages in /home/stereocamera/ros2_stereo_camera_analyse/install
[5.985s] DEBUG:colcon.colcon_installed_package_information.package_discovery:Found 1 installed packages in /home/stereocamera/ros2_3D/install
[6.051s] DEBUG:colcon.colcon_installed_package_information.package_discovery:Found 1 installed packages in /home/stereocamera/ros2_gui/install
[6.123s] DEBUG:colcon.colcon_installed_package_information.package_discovery:Found 273 installed packages in /opt/ros/humble
[6.129s] Level 1:colcon.colcon_core.package_discovery:discover_packages(prefix_path) using defaults
[6.534s] Level 5:colcon.colcon_core.verb:set package 'my_pointcloud' build argument 'cmake_args' from command line to 'None'
[6.534s] Level 5:colcon.colcon_core.verb:set package 'my_pointcloud' build argument 'cmake_target' from command line to 'None'
[6.534s] Level 5:colcon.colcon_core.verb:set package 'my_pointcloud' build argument 'cmake_target_skip_unavailable' from command line to 'False'
[6.534s] Level 5:colcon.colcon_core.verb:set package 'my_pointcloud' build argument 'cmake_clean_cache' from command line to 'False'
[6.534s] Level 5:colcon.colcon_core.verb:set package 'my_pointcloud' build argument 'cmake_clean_first' from command line to 'False'
[6.534s] Level 5:colcon.colcon_core.verb:set package 'my_pointcloud' build argument 'cmake_force_configure' from command line to 'False'
[6.535s] Level 5:colcon.colcon_core.verb:set package 'my_pointcloud' build argument 'ament_cmake_args' from command line to 'None'
[6.535s] Level 5:colcon.colcon_core.verb:set package 'my_pointcloud' build argument 'catkin_cmake_args' from command line to 'None'
[6.535s] Level 5:colcon.colcon_core.verb:set package 'my_pointcloud' build argument 'catkin_skip_building_tests' from command line to 'False'
[6.535s] DEBUG:colcon.colcon_core.verb:Building package 'my_pointcloud' with the following arguments: {'ament_cmake_args': None, 'build_base': '/home/stereocamera/ros2_3D/build/my_pointcloud', 'catkin_cmake_args': None, 'catkin_skip_building_tests': False, 'cmake_args': None, 'cmake_clean_cache': False, 'cmake_clean_first': False, 'cmake_force_configure': False, 'cmake_target': None, 'cmake_target_skip_unavailable': False, 'install_base': '/home/stereocamera/ros2_3D/install/my_pointcloud', 'merge_install': False, 'path': '/home/stereocamera/ros2_3D/src/my_pointcloud', 'symlink_install': False, 'test_result_base': None}
[6.600s] INFO:colcon.colcon_core.executor:Executing jobs using 'parallel' executor
[6.668s] DEBUG:colcon.colcon_parallel_executor.executor.parallel:run_until_complete
[6.669s] INFO:colcon.colcon_ros.task.ament_python.build:Building ROS package in '/home/stereocamera/ros2_3D/src/my_pointcloud' with build type 'ament_python'
[6.670s] Level 1:colcon.colcon_core.shell:create_environment_hook('my_pointcloud', 'ament_prefix_path')
[6.754s] INFO:colcon.colcon_core.plugin_system:Skipping extension 'colcon_core.shell.bat': Not used on non-Windows systems
[6.754s] INFO:colcon.colcon_core.shell:Creating environment hook '/home/stereocamera/ros2_3D/install/my_pointcloud/share/my_pointcloud/hook/ament_prefix_path.ps1'
[6.757s] INFO:colcon.colcon_core.shell:Creating environment descriptor '/home/stereocamera/ros2_3D/install/my_pointcloud/share/my_pointcloud/hook/ament_prefix_path.dsv'
[6.759s] INFO:colcon.colcon_core.shell:Creating environment hook '/home/stereocamera/ros2_3D/install/my_pointcloud/share/my_pointcloud/hook/ament_prefix_path.sh'
[6.842s] INFO:colcon.colcon_core.shell:Skip shell extension 'powershell' for command environment: Not usable outside of PowerShell
[6.842s] DEBUG:colcon.colcon_core.shell:Skip shell extension 'dsv' for command environment
[8.566s] INFO:colcon.colcon_core.task.python.build:Building Python package in '/home/stereocamera/ros2_3D/src/my_pointcloud'
[8.638s] INFO:colcon.colcon_core.shell:Skip shell extension 'powershell' for command environment: Not usable outside of PowerShell
[8.638s] DEBUG:colcon.colcon_core.shell:Skip shell extension 'dsv' for command environment
[10.670s] DEBUG:colcon.colcon_core.event_handler.log_command:Invoking command in '/home/stereocamera/ros2_3D/src/my_pointcloud': PYTHONPATH=/home/stereocamera/ros2_3D/build/my_pointcloud/prefix_override:/home/stereocamera/ros2_3D/install/my_pointcloud/lib/python3.10/site-packages:${PYTHONPATH} /usr/bin/python3 setup.py egg_info --egg-base ../../build/my_pointcloud build --build-base /home/stereocamera/ros2_3D/build/my_pointcloud/build install --record /home/stereocamera/ros2_3D/build/my_pointcloud/install.log --single-version-externally-managed
[12.172s] DEBUG:colcon.colcon_core.event_handler.log_command:Invoked command in '/home/stereocamera/ros2_3D/src/my_pointcloud' returned '0': PYTHONPATH=/home/stereocamera/ros2_3D/build/my_pointcloud/prefix_override:/home/stereocamera/ros2_3D/install/my_pointcloud/lib/python3.10/site-packages:${PYTHONPATH} /usr/bin/python3 setup.py egg_info --egg-base ../../build/my_pointcloud build --build-base /home/stereocamera/ros2_3D/build/my_pointcloud/build install --record /home/stereocamera/ros2_3D/build/my_pointcloud/install.log --single-version-externally-managed
[12.294s] Level 1:colcon.colcon_core.environment:checking '/home/stereocamera/ros2_3D/install/my_pointcloud' for CMake module files
[12.296s] Level 1:colcon.colcon_core.environment:checking '/home/stereocamera/ros2_3D/install/my_pointcloud' for CMake config files
[12.299s] Level 1:colcon.colcon_core.environment:checking '/home/stereocamera/ros2_3D/install/my_pointcloud/lib'
[12.300s] Level 1:colcon.colcon_core.environment:checking '/home/stereocamera/ros2_3D/install/my_pointcloud/bin'
[12.300s] Level 1:colcon.colcon_core.environment:checking '/home/stereocamera/ros2_3D/install/my_pointcloud/lib/pkgconfig/my_pointcloud.pc'
[12.301s] Level 1:colcon.colcon_core.environment:checking '/home/stereocamera/ros2_3D/install/my_pointcloud/lib/python3.10/site-packages'
[12.302s] Level 1:colcon.colcon_core.shell:create_environment_hook('my_pointcloud', 'pythonpath')
[12.379s] INFO:colcon.colcon_core.shell:Creating environment hook '/home/stereocamera/ros2_3D/install/my_pointcloud/share/my_pointcloud/hook/pythonpath.ps1'
[12.381s] INFO:colcon.colcon_core.shell:Creating environment descriptor '/home/stereocamera/ros2_3D/install/my_pointcloud/share/my_pointcloud/hook/pythonpath.dsv'
[12.383s] INFO:colcon.colcon_core.shell:Creating environment hook '/home/stereocamera/ros2_3D/install/my_pointcloud/share/my_pointcloud/hook/pythonpath.sh'
[12.386s] Level 1:colcon.colcon_core.environment:checking '/home/stereocamera/ros2_3D/install/my_pointcloud/bin'
[12.386s] Level 1:colcon.colcon_core.environment:create_environment_scripts_only(my_pointcloud)
[12.458s] INFO:colcon.colcon_core.shell:Creating package script '/home/stereocamera/ros2_3D/install/my_pointcloud/share/my_pointcloud/package.ps1'
[12.462s] INFO:colcon.colcon_core.shell:Creating package descriptor '/home/stereocamera/ros2_3D/install/my_pointcloud/share/my_pointcloud/package.dsv'
[12.465s] INFO:colcon.colcon_core.shell:Creating package script '/home/stereocamera/ros2_3D/install/my_pointcloud/share/my_pointcloud/package.sh'
[12.468s] INFO:colcon.colcon_core.shell:Creating package script '/home/stereocamera/ros2_3D/install/my_pointcloud/share/my_pointcloud/package.bash'
[12.471s] INFO:colcon.colcon_core.shell:Creating package script '/home/stereocamera/ros2_3D/install/my_pointcloud/share/my_pointcloud/package.zsh'
[12.518s] Level 1:colcon.colcon_core.environment:create_file_with_runtime_dependencies(/home/stereocamera/ros2_3D/install/my_pointcloud/share/colcon-core/packages/my_pointcloud)
[12.520s] DEBUG:colcon.colcon_parallel_executor.executor.parallel:closing loop
[12.522s] DEBUG:colcon.colcon_parallel_executor.executor.parallel:loop closed
[12.522s] DEBUG:colcon.colcon_parallel_executor.executor.parallel:run_until_complete finished with '0'
[12.523s] DEBUG:colcon.colcon_core.event_reactor:joining thread
[12.622s] INFO:colcon.colcon_core.plugin_system:Skipping extension 'colcon_notification.desktop_notification.terminal_notifier': Not used on non-Darwin systems
[12.622s] INFO:colcon.colcon_core.plugin_system:Skipping extension 'colcon_notification.desktop_notification.win32': Not used on non-Windows systems
[12.622s] INFO:colcon.colcon_notification.desktop_notification:Sending desktop notification using 'notify2'
[12.675s] DEBUG:colcon.colcon_core.event_reactor:joined thread
[12.779s] INFO:colcon.colcon_core.shell:Creating prefix script '/home/stereocamera/ros2_3D/install/local_setup.ps1'
[12.782s] INFO:colcon.colcon_core.shell:Creating prefix util module '/home/stereocamera/ros2_3D/install/_local_setup_util_ps1.py'
[12.788s] INFO:colcon.colcon_core.shell:Creating prefix chain script '/home/stereocamera/ros2_3D/install/setup.ps1'
[12.878s] INFO:colcon.colcon_core.shell:Creating prefix script '/home/stereocamera/ros2_3D/install/local_setup.sh'
[12.881s] INFO:colcon.colcon_core.shell:Creating prefix util module '/home/stereocamera/ros2_3D/install/_local_setup_util_sh.py'
[12.883s] INFO:colcon.colcon_core.shell:Creating prefix chain script '/home/stereocamera/ros2_3D/install/setup.sh'
[12.958s] INFO:colcon.colcon_core.shell:Creating prefix script '/home/stereocamera/ros2_3D/install/local_setup.bash'
[12.961s] INFO:colcon.colcon_core.shell:Creating prefix chain script '/home/stereocamera/ros2_3D/install/setup.bash'
[13.031s] INFO:colcon.colcon_core.shell:Creating prefix script '/home/stereocamera/ros2_3D/install/local_setup.zsh'
[13.034s] INFO:colcon.colcon_core.shell:Creating prefix chain script '/home/stereocamera/ros2_3D/install/setup.zsh'
