[4.810s] Invoking command in '/home/niklas/ros_3d/src/my_pointcloud': PYTHONPATH=/home/niklas/ros_3d/build/my_pointcloud/prefix_override:/home/niklas/ros_3d/install/my_pointcloud/lib/python3.10/site-packages:${PYTHONPATH} /usr/bin/python3 setup.py egg_info --egg-base ../../build/my_pointcloud build --build-base /home/niklas/ros_3d/build/my_pointcloud/build install --record /home/niklas/ros_3d/build/my_pointcloud/install.log --single-version-externally-managed
[6.212s] running egg_info
[6.214s] creating ../../build/my_pointcloud/my_pointcloud.egg-info
[6.216s] writing ../../build/my_pointcloud/my_pointcloud.egg-info/PKG-INFO
[6.217s] writing dependency_links to ../../build/my_pointcloud/my_pointcloud.egg-info/dependency_links.txt
[6.218s] writing entry points to ../../build/my_pointcloud/my_pointcloud.egg-info/entry_points.txt
[6.219s] writing requirements to ../../build/my_pointcloud/my_pointcloud.egg-info/requires.txt
[6.220s] writing top-level names to ../../build/my_pointcloud/my_pointcloud.egg-info/top_level.txt
[6.221s] writing manifest file '../../build/my_pointcloud/my_pointcloud.egg-info/SOURCES.txt'
[6.228s] reading manifest file '../../build/my_pointcloud/my_pointcloud.egg-info/SOURCES.txt'
[6.231s] writing manifest file '../../build/my_pointcloud/my_pointcloud.egg-info/SOURCES.txt'
[6.232s] running build
[6.232s] running build_py
[6.233s] creating /home/niklas/ros_3d/build/my_pointcloud/build
[6.233s] creating /home/niklas/ros_3d/build/my_pointcloud/build/lib
[6.234s] creating /home/niklas/ros_3d/build/my_pointcloud/build/lib/my_pointcloud
[6.234s] copying my_pointcloud/__init__.py -> /home/niklas/ros_3d/build/my_pointcloud/build/lib/my_pointcloud
[6.235s] copying my_pointcloud/my_3d_node.py -> /home/niklas/ros_3d/build/my_pointcloud/build/lib/my_pointcloud
[6.235s] running install
[6.236s] running install_lib
[6.239s] creating /home/niklas/ros_3d/install/my_pointcloud/lib/python3.10/site-packages/my_pointcloud
[6.240s] copying /home/niklas/ros_3d/build/my_pointcloud/build/lib/my_pointcloud/__init__.py -> /home/niklas/ros_3d/install/my_pointcloud/lib/python3.10/site-packages/my_pointcloud
[6.240s] copying /home/niklas/ros_3d/build/my_pointcloud/build/lib/my_pointcloud/my_3d_node.py -> /home/niklas/ros_3d/install/my_pointcloud/lib/python3.10/site-packages/my_pointcloud
[6.243s] byte-compiling /home/niklas/ros_3d/install/my_pointcloud/lib/python3.10/site-packages/my_pointcloud/__init__.py to __init__.cpython-310.pyc
[6.245s] byte-compiling /home/niklas/ros_3d/install/my_pointcloud/lib/python3.10/site-packages/my_pointcloud/my_3d_node.py to my_3d_node.cpython-310.pyc
[6.246s] running install_data
[6.248s] creating /home/niklas/ros_3d/install/my_pointcloud/share/ament_index
[6.249s] creating /home/niklas/ros_3d/install/my_pointcloud/share/ament_index/resource_index
[6.249s] creating /home/niklas/ros_3d/install/my_pointcloud/share/ament_index/resource_index/packages
[6.250s] copying resource/my_pointcloud -> /home/niklas/ros_3d/install/my_pointcloud/share/ament_index/resource_index/packages
[6.250s] copying package.xml -> /home/niklas/ros_3d/install/my_pointcloud/share/my_pointcloud
[6.250s] running install_egg_info
[6.257s] Copying ../../build/my_pointcloud/my_pointcloud.egg-info to /home/niklas/ros_3d/install/my_pointcloud/lib/python3.10/site-packages/my_pointcloud-0.0.0-py3.10.egg-info
[6.265s] running install_scripts
[6.355s] Installing 3d_node script to /home/niklas/ros_3d/install/my_pointcloud/lib/my_pointcloud
[6.357s] writing list of installed files to '/home/niklas/ros_3d/build/my_pointcloud/install.log'
[6.498s] Invoked command in '/home/niklas/ros_3d/src/my_pointcloud' returned '0': PYTHONPATH=/home/niklas/ros_3d/build/my_pointcloud/prefix_override:/home/niklas/ros_3d/install/my_pointcloud/lib/python3.10/site-packages:${PYTHONPATH} /usr/bin/python3 setup.py egg_info --egg-base ../../build/my_pointcloud build --build-base /home/niklas/ros_3d/build/my_pointcloud/build install --record /home/niklas/ros_3d/build/my_pointcloud/install.log --single-version-externally-managed
