running egg_info
writing ../../build/my_pointcloud/my_pointcloud.egg-info/PKG-INFO
writing dependency_links to ../../build/my_pointcloud/my_pointcloud.egg-info/dependency_links.txt
writing entry points to ../../build/my_pointcloud/my_pointcloud.egg-info/entry_points.txt
writing requirements to ../../build/my_pointcloud/my_pointcloud.egg-info/requires.txt
writing top-level names to ../../build/my_pointcloud/my_pointcloud.egg-info/top_level.txt
reading manifest file '../../build/my_pointcloud/my_pointcloud.egg-info/SOURCES.txt'
writing manifest file '../../build/my_pointcloud/my_pointcloud.egg-info/SOURCES.txt'
running build
running build_py
copying my_pointcloud/my_3d_node.py -> /home/niklas/ros_3d/build/my_pointcloud/build/lib/my_pointcloud
running install
running install_lib
copying /home/niklas/ros_3d/build/my_pointcloud/build/lib/my_pointcloud/my_3d_node.py -> /home/niklas/ros_3d/install/my_pointcloud/lib/python3.10/site-packages/my_pointcloud
byte-compiling /home/niklas/ros_3d/install/my_pointcloud/lib/python3.10/site-packages/my_pointcloud/my_3d_node.py to my_3d_node.cpython-310.pyc
running install_data
running install_egg_info
removing '/home/niklas/ros_3d/install/my_pointcloud/lib/python3.10/site-packages/my_pointcloud-0.0.0-py3.10.egg-info' (and everything under it)
Copying ../../build/my_pointcloud/my_pointcloud.egg-info to /home/niklas/ros_3d/install/my_pointcloud/lib/python3.10/site-packages/my_pointcloud-0.0.0-py3.10.egg-info
running install_scripts
Installing 3d_node script to /home/niklas/ros_3d/install/my_pointcloud/lib/my_pointcloud
writing list of installed files to '/home/niklas/ros_3d/build/my_pointcloud/install.log'
