[5.233s] DEBUG:colcon:Command line arguments: ['/usr/bin/colcon', 'build']
[5.234s] DEBUG:colcon:Parsed command line arguments: Namespace(log_base=None, log_level=None, verb_name='build', build_base='build', install_base='install', merge_install=False, symlink_install=False, test_result_base=None, continue_on_error=False, executor='parallel', parallel_workers=4, event_handlers=None, ignore_user_meta=False, metas=['./colcon.meta'], base_paths=['.'], packages_ignore=None, packages_ignore_regex=None, paths=None, packages_up_to=None, packages_up_to_regex=None, packages_above=None, packages_above_and_dependencies=None, packages_above_depth=None, packages_select_by_dep=None, packages_skip_by_dep=None, packages_skip_up_to=None, packages_select_build_failed=False, packages_skip_build_finished=False, packages_select_test_failures=False, packages_skip_test_passed=False, packages_select=None, packages_skip=None, packages_select_regex=None, packages_skip_regex=None, packages_start=None, packages_end=None, allow_overriding=[], cmake_args=None, cmake_target=None, cmake_target_skip_unavailable=False, cmake_clean_cache=False, cmake_clean_first=False, cmake_force_configure=False, ament_cmake_args=None, catkin_cmake_args=None, catkin_skip_building_tests=False, verb_parser=<colcon_defaults.argument_parser.defaults.DefaultArgumentsDecorator object at 0xffffb3317310>, verb_extension=<colcon_core.verb.build.BuildVerb object at 0xffffb37cfe20>, main=<bound method BuildVerb.main of <colcon_core.verb.build.BuildVerb object at 0xffffb37cfe20>>)
[5.458s] Level 1:colcon.colcon_core.package_discovery:discover_packages(colcon_meta) check parameters
[5.459s] Level 1:colcon.colcon_core.package_discovery:discover_packages(recursive) check parameters
[5.459s] Level 1:colcon.colcon_core.package_discovery:discover_packages(ignore) check parameters
[5.459s] Level 1:colcon.colcon_core.package_discovery:discover_packages(path) check parameters
[5.459s] Level 1:colcon.colcon_core.package_discovery:discover_packages(colcon_meta) discover
[5.460s] Level 1:colcon.colcon_core.package_discovery:discover_packages(recursive) discover
[5.460s] INFO:colcon.colcon_core.package_discovery:Crawling recursively for packages in '/home/niklas/ros_3d'
[5.460s] Level 1:colcon.colcon_core.package_identification:_identify(.) by extensions ['ignore', 'ignore_ament_install']
[5.461s] Level 1:colcon.colcon_core.package_identification:_identify(.) by extension 'ignore'
[5.461s] Level 1:colcon.colcon_core.package_identification:_identify(.) by extension 'ignore_ament_install'
[5.461s] Level 1:colcon.colcon_core.package_identification:_identify(.) by extensions ['colcon_pkg']
[5.462s] Level 1:colcon.colcon_core.package_identification:_identify(.) by extension 'colcon_pkg'
[5.462s] Level 1:colcon.colcon_core.package_identification:_identify(.) by extensions ['colcon_meta']
[5.462s] Level 1:colcon.colcon_core.package_identification:_identify(.) by extension 'colcon_meta'
[5.462s] Level 1:colcon.colcon_core.package_identification:_identify(.) by extensions ['ros']
[5.462s] Level 1:colcon.colcon_core.package_identification:_identify(.) by extension 'ros'
[5.508s] Level 1:colcon.colcon_core.package_identification:_identify(.) by extensions ['cmake', 'python']
[5.508s] Level 1:colcon.colcon_core.package_identification:_identify(.) by extension 'cmake'
[5.513s] Level 1:colcon.colcon_core.package_identification:_identify(.) by extension 'python'
[5.514s] Level 1:colcon.colcon_core.package_identification:_identify(.) by extensions ['python_setup_py']
[5.514s] Level 1:colcon.colcon_core.package_identification:_identify(.) by extension 'python_setup_py'
[5.515s] Level 1:colcon.colcon_core.package_identification:_identify(build) by extensions ['ignore', 'ignore_ament_install']
[5.515s] Level 1:colcon.colcon_core.package_identification:_identify(build) by extension 'ignore'
[5.515s] Level 1:colcon.colcon_core.package_identification:_identify(build) ignored
[5.516s] Level 1:colcon.colcon_core.package_identification:_identify(install) by extensions ['ignore', 'ignore_ament_install']
[5.517s] Level 1:colcon.colcon_core.package_identification:_identify(install) by extension 'ignore'
[5.517s] Level 1:colcon.colcon_core.package_identification:_identify(install) ignored
[5.518s] Level 1:colcon.colcon_core.package_identification:_identify(log) by extensions ['ignore', 'ignore_ament_install']
[5.518s] Level 1:colcon.colcon_core.package_identification:_identify(log) by extension 'ignore'
[5.518s] Level 1:colcon.colcon_core.package_identification:_identify(log) ignored
[5.519s] Level 1:colcon.colcon_core.package_identification:_identify(src) by extensions ['ignore', 'ignore_ament_install']
[5.519s] Level 1:colcon.colcon_core.package_identification:_identify(src) by extension 'ignore'
[5.520s] Level 1:colcon.colcon_core.package_identification:_identify(src) by extension 'ignore_ament_install'
[5.520s] Level 1:colcon.colcon_core.package_identification:_identify(src) by extensions ['colcon_pkg']
[5.520s] Level 1:colcon.colcon_core.package_identification:_identify(src) by extension 'colcon_pkg'
[5.520s] Level 1:colcon.colcon_core.package_identification:_identify(src) by extensions ['colcon_meta']
[5.520s] Level 1:colcon.colcon_core.package_identification:_identify(src) by extension 'colcon_meta'
[5.521s] Level 1:colcon.colcon_core.package_identification:_identify(src) by extensions ['ros']
[5.521s] Level 1:colcon.colcon_core.package_identification:_identify(src) by extension 'ros'
[5.521s] Level 1:colcon.colcon_core.package_identification:_identify(src) by extensions ['cmake', 'python']
[5.522s] Level 1:colcon.colcon_core.package_identification:_identify(src) by extension 'cmake'
[5.522s] Level 1:colcon.colcon_core.package_identification:_identify(src) by extension 'python'
[5.522s] Level 1:colcon.colcon_core.package_identification:_identify(src) by extensions ['python_setup_py']
[5.522s] Level 1:colcon.colcon_core.package_identification:_identify(src) by extension 'python_setup_py'
[5.523s] Level 1:colcon.colcon_core.package_identification:_identify(src/my_pointcloud) by extensions ['ignore', 'ignore_ament_install']
[5.523s] Level 1:colcon.colcon_core.package_identification:_identify(src/my_pointcloud) by extension 'ignore'
[5.523s] Level 1:colcon.colcon_core.package_identification:_identify(src/my_pointcloud) by extension 'ignore_ament_install'
[5.524s] Level 1:colcon.colcon_core.package_identification:_identify(src/my_pointcloud) by extensions ['colcon_pkg']
[5.524s] Level 1:colcon.colcon_core.package_identification:_identify(src/my_pointcloud) by extension 'colcon_pkg'
[5.524s] Level 1:colcon.colcon_core.package_identification:_identify(src/my_pointcloud) by extensions ['colcon_meta']
[5.524s] Level 1:colcon.colcon_core.package_identification:_identify(src/my_pointcloud) by extension 'colcon_meta'
[5.524s] Level 1:colcon.colcon_core.package_identification:_identify(src/my_pointcloud) by extensions ['ros']
[5.525s] Level 1:colcon.colcon_core.package_identification:_identify(src/my_pointcloud) by extension 'ros'
[5.534s] DEBUG:colcon.colcon_core.package_identification:Package 'src/my_pointcloud' with type 'ros.ament_python' and name 'my_pointcloud'
[5.535s] Level 1:colcon.colcon_core.package_discovery:discover_packages(recursive) using defaults
[5.535s] Level 1:colcon.colcon_core.package_discovery:discover_packages(ignore) discover
[5.535s] Level 1:colcon.colcon_core.package_discovery:discover_packages(ignore) using defaults
[5.535s] Level 1:colcon.colcon_core.package_discovery:discover_packages(path) discover
[5.535s] Level 1:colcon.colcon_core.package_discovery:discover_packages(path) using defaults
[6.138s] Level 1:colcon.colcon_core.package_discovery:discover_packages(prefix_path) check parameters
[6.139s] Level 1:colcon.colcon_core.package_discovery:discover_packages(prefix_path) discover
[6.294s] DEBUG:colcon.colcon_installed_package_information.package_discovery:Found 1 installed packages in /home/niklas/ros_3d/install
[6.411s] DEBUG:colcon.colcon_installed_package_information.package_discovery:Found 1 installed packages in /home/niklas/ros2_gui/install
[6.488s] DEBUG:colcon.colcon_installed_package_information.package_discovery:Found 1 installed packages in /home/niklas/ros2-stereo-camera-analyse/install
[6.574s] DEBUG:colcon.colcon_installed_package_information.package_discovery:Found 273 installed packages in /opt/ros/humble
[6.580s] Level 1:colcon.colcon_core.package_discovery:discover_packages(prefix_path) using defaults
[7.005s] Level 5:colcon.colcon_core.verb:set package 'my_pointcloud' build argument 'cmake_args' from command line to 'None'
[7.005s] Level 5:colcon.colcon_core.verb:set package 'my_pointcloud' build argument 'cmake_target' from command line to 'None'
[7.005s] Level 5:colcon.colcon_core.verb:set package 'my_pointcloud' build argument 'cmake_target_skip_unavailable' from command line to 'False'
[7.005s] Level 5:colcon.colcon_core.verb:set package 'my_pointcloud' build argument 'cmake_clean_cache' from command line to 'False'
[7.005s] Level 5:colcon.colcon_core.verb:set package 'my_pointcloud' build argument 'cmake_clean_first' from command line to 'False'
[7.005s] Level 5:colcon.colcon_core.verb:set package 'my_pointcloud' build argument 'cmake_force_configure' from command line to 'False'
[7.006s] Level 5:colcon.colcon_core.verb:set package 'my_pointcloud' build argument 'ament_cmake_args' from command line to 'None'
[7.006s] Level 5:colcon.colcon_core.verb:set package 'my_pointcloud' build argument 'catkin_cmake_args' from command line to 'None'
[7.006s] Level 5:colcon.colcon_core.verb:set package 'my_pointcloud' build argument 'catkin_skip_building_tests' from command line to 'False'
[7.006s] DEBUG:colcon.colcon_core.verb:Building package 'my_pointcloud' with the following arguments: {'ament_cmake_args': None, 'build_base': '/home/niklas/ros_3d/build/my_pointcloud', 'catkin_cmake_args': None, 'catkin_skip_building_tests': False, 'cmake_args': None, 'cmake_clean_cache': False, 'cmake_clean_first': False, 'cmake_force_configure': False, 'cmake_target': None, 'cmake_target_skip_unavailable': False, 'install_base': '/home/niklas/ros_3d/install/my_pointcloud', 'merge_install': False, 'path': '/home/niklas/ros_3d/src/my_pointcloud', 'symlink_install': False, 'test_result_base': None}
[7.080s] INFO:colcon.colcon_core.executor:Executing jobs using 'parallel' executor
[7.163s] DEBUG:colcon.colcon_parallel_executor.executor.parallel:run_until_complete
[7.164s] INFO:colcon.colcon_ros.task.ament_python.build:Building ROS package in '/home/niklas/ros_3d/src/my_pointcloud' with build type 'ament_python'
[7.164s] Level 1:colcon.colcon_core.shell:create_environment_hook('my_pointcloud', 'ament_prefix_path')
[7.293s] INFO:colcon.colcon_core.plugin_system:Skipping extension 'colcon_core.shell.bat': Not used on non-Windows systems
[7.295s] INFO:colcon.colcon_core.shell:Creating environment hook '/home/niklas/ros_3d/install/my_pointcloud/share/my_pointcloud/hook/ament_prefix_path.ps1'
[7.298s] INFO:colcon.colcon_core.shell:Creating environment descriptor '/home/niklas/ros_3d/install/my_pointcloud/share/my_pointcloud/hook/ament_prefix_path.dsv'
[7.301s] INFO:colcon.colcon_core.shell:Creating environment hook '/home/niklas/ros_3d/install/my_pointcloud/share/my_pointcloud/hook/ament_prefix_path.sh'
[7.430s] INFO:colcon.colcon_core.shell:Skip shell extension 'powershell' for command environment: Not usable outside of PowerShell
[7.431s] DEBUG:colcon.colcon_core.shell:Skip shell extension 'dsv' for command environment
[9.528s] INFO:colcon.colcon_core.task.python.build:Building Python package in '/home/niklas/ros_3d/src/my_pointcloud'
[9.618s] INFO:colcon.colcon_core.shell:Skip shell extension 'powershell' for command environment: Not usable outside of PowerShell
[9.618s] DEBUG:colcon.colcon_core.shell:Skip shell extension 'dsv' for command environment
[12.127s] DEBUG:colcon.colcon_core.event_handler.log_command:Invoking command in '/home/niklas/ros_3d/src/my_pointcloud': PYTHONPATH=/home/niklas/ros_3d/build/my_pointcloud/prefix_override:/home/niklas/ros_3d/install/my_pointcloud/lib/python3.10/site-packages:${PYTHONPATH} /usr/bin/python3 setup.py egg_info --egg-base ../../build/my_pointcloud build --build-base /home/niklas/ros_3d/build/my_pointcloud/build install --record /home/niklas/ros_3d/build/my_pointcloud/install.log --single-version-externally-managed
[13.946s] DEBUG:colcon.colcon_core.event_handler.log_command:Invoked command in '/home/niklas/ros_3d/src/my_pointcloud' returned '0': PYTHONPATH=/home/niklas/ros_3d/build/my_pointcloud/prefix_override:/home/niklas/ros_3d/install/my_pointcloud/lib/python3.10/site-packages:${PYTHONPATH} /usr/bin/python3 setup.py egg_info --egg-base ../../build/my_pointcloud build --build-base /home/niklas/ros_3d/build/my_pointcloud/build install --record /home/niklas/ros_3d/build/my_pointcloud/install.log --single-version-externally-managed
[14.051s] Level 1:colcon.colcon_core.environment:checking '/home/niklas/ros_3d/install/my_pointcloud' for CMake module files
[14.054s] Level 1:colcon.colcon_core.environment:checking '/home/niklas/ros_3d/install/my_pointcloud' for CMake config files
[14.063s] Level 1:colcon.colcon_core.environment:checking '/home/niklas/ros_3d/install/my_pointcloud/lib'
[14.064s] Level 1:colcon.colcon_core.environment:checking '/home/niklas/ros_3d/install/my_pointcloud/bin'
[14.064s] Level 1:colcon.colcon_core.environment:checking '/home/niklas/ros_3d/install/my_pointcloud/lib/pkgconfig/my_pointcloud.pc'
[14.065s] Level 1:colcon.colcon_core.environment:checking '/home/niklas/ros_3d/install/my_pointcloud/lib/python3.10/site-packages'
[14.066s] Level 1:colcon.colcon_core.shell:create_environment_hook('my_pointcloud', 'pythonpath')
[14.161s] INFO:colcon.colcon_core.shell:Creating environment hook '/home/niklas/ros_3d/install/my_pointcloud/share/my_pointcloud/hook/pythonpath.ps1'
[14.165s] INFO:colcon.colcon_core.shell:Creating environment descriptor '/home/niklas/ros_3d/install/my_pointcloud/share/my_pointcloud/hook/pythonpath.dsv'
[14.167s] INFO:colcon.colcon_core.shell:Creating environment hook '/home/niklas/ros_3d/install/my_pointcloud/share/my_pointcloud/hook/pythonpath.sh'
[14.171s] Level 1:colcon.colcon_core.environment:checking '/home/niklas/ros_3d/install/my_pointcloud/bin'
[14.171s] Level 1:colcon.colcon_core.environment:create_environment_scripts_only(my_pointcloud)
[14.258s] INFO:colcon.colcon_core.shell:Creating package script '/home/niklas/ros_3d/install/my_pointcloud/share/my_pointcloud/package.ps1'
[14.265s] INFO:colcon.colcon_core.shell:Creating package descriptor '/home/niklas/ros_3d/install/my_pointcloud/share/my_pointcloud/package.dsv'
[14.269s] INFO:colcon.colcon_core.shell:Creating package script '/home/niklas/ros_3d/install/my_pointcloud/share/my_pointcloud/package.sh'
[14.273s] INFO:colcon.colcon_core.shell:Creating package script '/home/niklas/ros_3d/install/my_pointcloud/share/my_pointcloud/package.bash'
[14.278s] INFO:colcon.colcon_core.shell:Creating package script '/home/niklas/ros_3d/install/my_pointcloud/share/my_pointcloud/package.zsh'
[14.281s] Level 1:colcon.colcon_core.environment:create_file_with_runtime_dependencies(/home/niklas/ros_3d/install/my_pointcloud/share/colcon-core/packages/my_pointcloud)
[14.284s] DEBUG:colcon.colcon_parallel_executor.executor.parallel:closing loop
[14.286s] DEBUG:colcon.colcon_parallel_executor.executor.parallel:loop closed
[14.287s] DEBUG:colcon.colcon_parallel_executor.executor.parallel:run_until_complete finished with '0'
[14.287s] DEBUG:colcon.colcon_core.event_reactor:joining thread
[14.432s] INFO:colcon.colcon_core.plugin_system:Skipping extension 'colcon_notification.desktop_notification.terminal_notifier': Not used on non-Darwin systems
[14.432s] INFO:colcon.colcon_core.plugin_system:Skipping extension 'colcon_notification.desktop_notification.win32': Not used on non-Windows systems
[14.433s] INFO:colcon.colcon_notification.desktop_notification:Sending desktop notification using 'notify2'
[14.485s] DEBUG:colcon.colcon_core.event_reactor:joined thread
[14.606s] INFO:colcon.colcon_core.shell:Creating prefix script '/home/niklas/ros_3d/install/local_setup.ps1'
[14.617s] INFO:colcon.colcon_core.shell:Creating prefix util module '/home/niklas/ros_3d/install/_local_setup_util_ps1.py'
[14.625s] INFO:colcon.colcon_core.shell:Creating prefix chain script '/home/niklas/ros_3d/install/setup.ps1'
[14.735s] INFO:colcon.colcon_core.shell:Creating prefix script '/home/niklas/ros_3d/install/local_setup.sh'
[14.738s] INFO:colcon.colcon_core.shell:Creating prefix util module '/home/niklas/ros_3d/install/_local_setup_util_sh.py'
[14.740s] INFO:colcon.colcon_core.shell:Creating prefix chain script '/home/niklas/ros_3d/install/setup.sh'
[14.848s] INFO:colcon.colcon_core.shell:Creating prefix script '/home/niklas/ros_3d/install/local_setup.bash'
[14.851s] INFO:colcon.colcon_core.shell:Creating prefix chain script '/home/niklas/ros_3d/install/setup.bash'
[14.961s] INFO:colcon.colcon_core.shell:Creating prefix script '/home/niklas/ros_3d/install/local_setup.zsh'
[14.964s] INFO:colcon.colcon_core.shell:Creating prefix chain script '/home/niklas/ros_3d/install/setup.zsh'
