[3.895s] Invoking command in '/home/stereocamera/ros2_3D/src/my_pointcloud': PYTHONPATH=/home/stereocamera/ros2_3D/build/my_pointcloud/prefix_override:/home/stereocamera/ros2_3D/install/my_pointcloud/lib/python3.10/site-packages:${PYTHONPATH} /usr/bin/python3 setup.py egg_info --egg-base ../../build/my_pointcloud build --build-base /home/stereocamera/ros2_3D/build/my_pointcloud/build install --record /home/stereocamera/ros2_3D/build/my_pointcloud/install.log --single-version-externally-managed
[5.083s] running egg_info
[5.085s] writing ../../build/my_pointcloud/my_pointcloud.egg-info/PKG-INFO
[5.086s] writing dependency_links to ../../build/my_pointcloud/my_pointcloud.egg-info/dependency_links.txt
[5.088s] writing entry points to ../../build/my_pointcloud/my_pointcloud.egg-info/entry_points.txt
[5.089s] writing requirements to ../../build/my_pointcloud/my_pointcloud.egg-info/requires.txt
[5.090s] writing top-level names to ../../build/my_pointcloud/my_pointcloud.egg-info/top_level.txt
[5.099s] reading manifest file '../../build/my_pointcloud/my_pointcloud.egg-info/SOURCES.txt'
[5.103s] writing manifest file '../../build/my_pointcloud/my_pointcloud.egg-info/SOURCES.txt'
[5.104s] running build
[5.104s] running build_py
[5.105s] copying my_pointcloud/__init__.py -> /home/stereocamera/ros2_3D/build/my_pointcloud/build/lib/my_pointcloud
[5.106s] copying my_pointcloud/my_3d_node.py -> /home/stereocamera/ros2_3D/build/my_pointcloud/build/lib/my_pointcloud
[5.107s] running install
[5.108s] running install_lib
[5.111s] copying /home/stereocamera/ros2_3D/build/my_pointcloud/build/lib/my_pointcloud/__init__.py -> /home/stereocamera/ros2_3D/install/my_pointcloud/lib/python3.10/site-packages/my_pointcloud
[5.113s] copying /home/stereocamera/ros2_3D/build/my_pointcloud/build/lib/my_pointcloud/my_3d_node.py -> /home/stereocamera/ros2_3D/install/my_pointcloud/lib/python3.10/site-packages/my_pointcloud
[5.115s] byte-compiling /home/stereocamera/ros2_3D/install/my_pointcloud/lib/python3.10/site-packages/my_pointcloud/__init__.py to __init__.cpython-310.pyc
[5.117s] byte-compiling /home/stereocamera/ros2_3D/install/my_pointcloud/lib/python3.10/site-packages/my_pointcloud/my_3d_node.py to my_3d_node.cpython-310.pyc
[5.122s] running install_data
[5.125s] copying resource/my_pointcloud -> /home/stereocamera/ros2_3D/install/my_pointcloud/share/ament_index/resource_index/packages
[5.126s] copying package.xml -> /home/stereocamera/ros2_3D/install/my_pointcloud/share/my_pointcloud
[5.126s] running install_egg_info
[5.133s] removing '/home/stereocamera/ros2_3D/install/my_pointcloud/lib/python3.10/site-packages/my_pointcloud-0.0.0-py3.10.egg-info' (and everything under it)
[5.135s] Copying ../../build/my_pointcloud/my_pointcloud.egg-info to /home/stereocamera/ros2_3D/install/my_pointcloud/lib/python3.10/site-packages/my_pointcloud-0.0.0-py3.10.egg-info
[5.141s] running install_scripts
[5.224s] Installing 3d_node script to /home/stereocamera/ros2_3D/install/my_pointcloud/lib/my_pointcloud
[5.226s] writing list of installed files to '/home/stereocamera/ros2_3D/build/my_pointcloud/install.log'
[5.360s] Invoked command in '/home/stereocamera/ros2_3D/src/my_pointcloud' returned '0': PYTHONPATH=/home/stereocamera/ros2_3D/build/my_pointcloud/prefix_override:/home/stereocamera/ros2_3D/install/my_pointcloud/lib/python3.10/site-packages:${PYTHONPATH} /usr/bin/python3 setup.py egg_info --egg-base ../../build/my_pointcloud build --build-base /home/stereocamera/ros2_3D/build/my_pointcloud/build install --record /home/stereocamera/ros2_3D/build/my_pointcloud/install.log --single-version-externally-managed
