[3.777s] Invoking command in '/home/stereocamera/ros2_3D/src/my_pointcloud': PYTHONPATH=/home/stereocamera/ros2_3D/build/my_pointcloud/prefix_override:/home/stereocamera/ros2_3D/install/my_pointcloud/lib/python3.10/site-packages:${PYTHONPATH} /usr/bin/python3 setup.py egg_info --egg-base ../../build/my_pointcloud build --build-base /home/stereocamera/ros2_3D/build/my_pointcloud/build install --record /home/stereocamera/ros2_3D/build/my_pointcloud/install.log --single-version-externally-managed
[4.979s] running egg_info
[4.982s] writing ../../build/my_pointcloud/my_pointcloud.egg-info/PKG-INFO
[4.983s] writing dependency_links to ../../build/my_pointcloud/my_pointcloud.egg-info/dependency_links.txt
[4.984s] writing entry points to ../../build/my_pointcloud/my_pointcloud.egg-info/entry_points.txt
[4.985s] writing requirements to ../../build/my_pointcloud/my_pointcloud.egg-info/requires.txt
[4.986s] writing top-level names to ../../build/my_pointcloud/my_pointcloud.egg-info/top_level.txt
[4.993s] reading manifest file '../../build/my_pointcloud/my_pointcloud.egg-info/SOURCES.txt'
[4.998s] writing manifest file '../../build/my_pointcloud/my_pointcloud.egg-info/SOURCES.txt'
[4.998s] running build
[4.999s] running build_py
[5.001s] copying my_pointcloud/my_3d_node.py -> /home/stereocamera/ros2_3D/build/my_pointcloud/build/lib/my_pointcloud
[5.002s] running install
[5.003s] running install_lib
[5.007s] copying /home/stereocamera/ros2_3D/build/my_pointcloud/build/lib/my_pointcloud/my_3d_node.py -> /home/stereocamera/ros2_3D/install/my_pointcloud/lib/python3.10/site-packages/my_pointcloud
[5.010s] byte-compiling /home/stereocamera/ros2_3D/install/my_pointcloud/lib/python3.10/site-packages/my_pointcloud/my_3d_node.py to my_3d_node.cpython-310.pyc
[5.015s] running install_data
[5.018s] running install_egg_info
[5.024s] removing '/home/stereocamera/ros2_3D/install/my_pointcloud/lib/python3.10/site-packages/my_pointcloud-0.0.0-py3.10.egg-info' (and everything under it)
[5.026s] Copying ../../build/my_pointcloud/my_pointcloud.egg-info to /home/stereocamera/ros2_3D/install/my_pointcloud/lib/python3.10/site-packages/my_pointcloud-0.0.0-py3.10.egg-info
[5.034s] running install_scripts
[5.111s] Installing 3d_node script to /home/stereocamera/ros2_3D/install/my_pointcloud/lib/my_pointcloud
[5.113s] writing list of installed files to '/home/stereocamera/ros2_3D/build/my_pointcloud/install.log'
[5.243s] Invoked command in '/home/stereocamera/ros2_3D/src/my_pointcloud' returned '0': PYTHONPATH=/home/stereocamera/ros2_3D/build/my_pointcloud/prefix_override:/home/stereocamera/ros2_3D/install/my_pointcloud/lib/python3.10/site-packages:${PYTHONPATH} /usr/bin/python3 setup.py egg_info --egg-base ../../build/my_pointcloud build --build-base /home/stereocamera/ros2_3D/build/my_pointcloud/build install --record /home/stereocamera/ros2_3D/build/my_pointcloud/install.log --single-version-externally-managed
