[6.058s] Invoking command in '/home/niklas/ros_3d/src/my_pointcloud': PYTHONPATH=/home/niklas/ros_3d/build/my_pointcloud/prefix_override:/home/niklas/ros_3d/install/my_pointcloud/lib/python3.10/site-packages:${PYTHONPATH} /usr/bin/python3 setup.py egg_info --egg-base ../../build/my_pointcloud build --build-base /home/niklas/ros_3d/build/my_pointcloud/build install --record /home/niklas/ros_3d/build/my_pointcloud/install.log --single-version-externally-managed
[7.613s] running egg_info
[7.615s] writing ../../build/my_pointcloud/my_pointcloud.egg-info/PKG-INFO
[7.615s] writing dependency_links to ../../build/my_pointcloud/my_pointcloud.egg-info/dependency_links.txt
[7.616s] writing entry points to ../../build/my_pointcloud/my_pointcloud.egg-info/entry_points.txt
[7.617s] writing requirements to ../../build/my_pointcloud/my_pointcloud.egg-info/requires.txt
[7.618s] writing top-level names to ../../build/my_pointcloud/my_pointcloud.egg-info/top_level.txt
[7.628s] reading manifest file '../../build/my_pointcloud/my_pointcloud.egg-info/SOURCES.txt'
[7.632s] writing manifest file '../../build/my_pointcloud/my_pointcloud.egg-info/SOURCES.txt'
[7.633s] running build
[7.633s] running build_py
[7.634s] copying my_pointcloud/my_3d_node.py -> /home/niklas/ros_3d/build/my_pointcloud/build/lib/my_pointcloud
[7.635s] running install
[7.636s] running install_lib
[7.642s] copying /home/niklas/ros_3d/build/my_pointcloud/build/lib/my_pointcloud/my_3d_node.py -> /home/niklas/ros_3d/install/my_pointcloud/lib/python3.10/site-packages/my_pointcloud
[7.648s] byte-compiling /home/niklas/ros_3d/install/my_pointcloud/lib/python3.10/site-packages/my_pointcloud/my_3d_node.py to my_3d_node.cpython-310.pyc
[7.660s] running install_data
[7.661s] running install_egg_info
[7.668s] removing '/home/niklas/ros_3d/install/my_pointcloud/lib/python3.10/site-packages/my_pointcloud-0.0.0-py3.10.egg-info' (and everything under it)
[7.674s] Copying ../../build/my_pointcloud/my_pointcloud.egg-info to /home/niklas/ros_3d/install/my_pointcloud/lib/python3.10/site-packages/my_pointcloud-0.0.0-py3.10.egg-info
[7.677s] running install_scripts
[7.757s] Installing 3d_node script to /home/niklas/ros_3d/install/my_pointcloud/lib/my_pointcloud
[7.759s] writing list of installed files to '/home/niklas/ros_3d/build/my_pointcloud/install.log'
[7.897s] Invoked command in '/home/niklas/ros_3d/src/my_pointcloud' returned '0': PYTHONPATH=/home/niklas/ros_3d/build/my_pointcloud/prefix_override:/home/niklas/ros_3d/install/my_pointcloud/lib/python3.10/site-packages:${PYTHONPATH} /usr/bin/python3 setup.py egg_info --egg-base ../../build/my_pointcloud build --build-base /home/niklas/ros_3d/build/my_pointcloud/build install --record /home/niklas/ros_3d/build/my_pointcloud/install.log --single-version-externally-managed
