[4.846s] DEBUG:colcon:Command line arguments: ['/usr/bin/colcon', 'build']
[4.846s] DEBUG:colcon:Parsed command line arguments: Namespace(log_base=None, log_level=None, verb_name='build', build_base='build', install_base='install', merge_install=False, symlink_install=False, test_result_base=None, continue_on_error=False, executor='parallel', parallel_workers=4, event_handlers=None, ignore_user_meta=False, metas=['./colcon.meta'], base_paths=['.'], packages_ignore=None, packages_ignore_regex=None, paths=None, packages_up_to=None, packages_up_to_regex=None, packages_above=None, packages_above_and_dependencies=None, packages_above_depth=None, packages_select_by_dep=None, packages_skip_by_dep=None, packages_skip_up_to=None, packages_select_build_failed=False, packages_skip_build_finished=False, packages_select_test_failures=False, packages_skip_test_passed=False, packages_select=None, packages_skip=None, packages_select_regex=None, packages_skip_regex=None, packages_start=None, packages_end=None, allow_overriding=[], cmake_args=None, cmake_target=None, cmake_target_skip_unavailable=False, cmake_clean_cache=False, cmake_clean_first=False, cmake_force_configure=False, ament_cmake_args=None, catkin_cmake_args=None, catkin_skip_building_tests=False, verb_parser=<colcon_defaults.argument_parser.defaults.DefaultArgumentsDecorator object at 0xffffb3cbc250>, verb_extension=<colcon_core.verb.build.BuildVerb object at 0xffffb3f75d80>, main=<bound method BuildVerb.main of <colcon_core.verb.build.BuildVerb object at 0xffffb3f75d80>>)
[5.060s] Level 1:colcon.colcon_core.package_discovery:discover_packages(colcon_meta) check parameters
[5.060s] Level 1:colcon.colcon_core.package_discovery:discover_packages(recursive) check parameters
[5.061s] Level 1:colcon.colcon_core.package_discovery:discover_packages(ignore) check parameters
[5.061s] Level 1:colcon.colcon_core.package_discovery:discover_packages(path) check parameters
[5.061s] Level 1:colcon.colcon_core.package_discovery:discover_packages(colcon_meta) discover
[5.061s] Level 1:colcon.colcon_core.package_discovery:discover_packages(recursive) discover
[5.061s] INFO:colcon.colcon_core.package_discovery:Crawling recursively for packages in '/home/stereocamera/ros2_3D'
[5.062s] Level 1:colcon.colcon_core.package_identification:_identify(.) by extensions ['ignore', 'ignore_ament_install']
[5.062s] Level 1:colcon.colcon_core.package_identification:_identify(.) by extension 'ignore'
[5.063s] Level 1:colcon.colcon_core.package_identification:_identify(.) by extension 'ignore_ament_install'
[5.063s] Level 1:colcon.colcon_core.package_identification:_identify(.) by extensions ['colcon_pkg']
[5.063s] Level 1:colcon.colcon_core.package_identification:_identify(.) by extension 'colcon_pkg'
[5.063s] Level 1:colcon.colcon_core.package_identification:_identify(.) by extensions ['colcon_meta']
[5.064s] Level 1:colcon.colcon_core.package_identification:_identify(.) by extension 'colcon_meta'
[5.064s] Level 1:colcon.colcon_core.package_identification:_identify(.) by extensions ['ros']
[5.064s] Level 1:colcon.colcon_core.package_identification:_identify(.) by extension 'ros'
[5.111s] Level 1:colcon.colcon_core.package_identification:_identify(.) by extensions ['cmake', 'python']
[5.112s] Level 1:colcon.colcon_core.package_identification:_identify(.) by extension 'cmake'
[5.112s] Level 1:colcon.colcon_core.package_identification:_identify(.) by extension 'python'
[5.112s] Level 1:colcon.colcon_core.package_identification:_identify(.) by extensions ['python_setup_py']
[5.112s] Level 1:colcon.colcon_core.package_identification:_identify(.) by extension 'python_setup_py'
[5.113s] Level 1:colcon.colcon_core.package_identification:_identify(build) by extensions ['ignore', 'ignore_ament_install']
[5.113s] Level 1:colcon.colcon_core.package_identification:_identify(build) by extension 'ignore'
[5.113s] Level 1:colcon.colcon_core.package_identification:_identify(build) ignored
[5.114s] Level 1:colcon.colcon_core.package_identification:_identify(install) by extensions ['ignore', 'ignore_ament_install']
[5.115s] Level 1:colcon.colcon_core.package_identification:_identify(install) by extension 'ignore'
[5.115s] Level 1:colcon.colcon_core.package_identification:_identify(install) ignored
[5.116s] Level 1:colcon.colcon_core.package_identification:_identify(log) by extensions ['ignore', 'ignore_ament_install']
[5.116s] Level 1:colcon.colcon_core.package_identification:_identify(log) by extension 'ignore'
[5.117s] Level 1:colcon.colcon_core.package_identification:_identify(log) ignored
[5.117s] Level 1:colcon.colcon_core.package_identification:_identify(src) by extensions ['ignore', 'ignore_ament_install']
[5.117s] Level 1:colcon.colcon_core.package_identification:_identify(src) by extension 'ignore'
[5.118s] Level 1:colcon.colcon_core.package_identification:_identify(src) by extension 'ignore_ament_install'
[5.118s] Level 1:colcon.colcon_core.package_identification:_identify(src) by extensions ['colcon_pkg']
[5.118s] Level 1:colcon.colcon_core.package_identification:_identify(src) by extension 'colcon_pkg'
[5.118s] Level 1:colcon.colcon_core.package_identification:_identify(src) by extensions ['colcon_meta']
[5.118s] Level 1:colcon.colcon_core.package_identification:_identify(src) by extension 'colcon_meta'
[5.119s] Level 1:colcon.colcon_core.package_identification:_identify(src) by extensions ['ros']
[5.119s] Level 1:colcon.colcon_core.package_identification:_identify(src) by extension 'ros'
[5.120s] Level 1:colcon.colcon_core.package_identification:_identify(src) by extensions ['cmake', 'python']
[5.120s] Level 1:colcon.colcon_core.package_identification:_identify(src) by extension 'cmake'
[5.120s] Level 1:colcon.colcon_core.package_identification:_identify(src) by extension 'python'
[5.120s] Level 1:colcon.colcon_core.package_identification:_identify(src) by extensions ['python_setup_py']
[5.121s] Level 1:colcon.colcon_core.package_identification:_identify(src) by extension 'python_setup_py'
[5.121s] Level 1:colcon.colcon_core.package_identification:_identify(src/my_pointcloud) by extensions ['ignore', 'ignore_ament_install']
[5.122s] Level 1:colcon.colcon_core.package_identification:_identify(src/my_pointcloud) by extension 'ignore'
[5.122s] Level 1:colcon.colcon_core.package_identification:_identify(src/my_pointcloud) by extension 'ignore_ament_install'
[5.122s] Level 1:colcon.colcon_core.package_identification:_identify(src/my_pointcloud) by extensions ['colcon_pkg']
[5.123s] Level 1:colcon.colcon_core.package_identification:_identify(src/my_pointcloud) by extension 'colcon_pkg'
[5.123s] Level 1:colcon.colcon_core.package_identification:_identify(src/my_pointcloud) by extensions ['colcon_meta']
[5.123s] Level 1:colcon.colcon_core.package_identification:_identify(src/my_pointcloud) by extension 'colcon_meta'
[5.123s] Level 1:colcon.colcon_core.package_identification:_identify(src/my_pointcloud) by extensions ['ros']
[5.124s] Level 1:colcon.colcon_core.package_identification:_identify(src/my_pointcloud) by extension 'ros'
[5.133s] DEBUG:colcon.colcon_core.package_identification:Package 'src/my_pointcloud' with type 'ros.ament_python' and name 'my_pointcloud'
[5.133s] Level 1:colcon.colcon_core.package_discovery:discover_packages(recursive) using defaults
[5.134s] Level 1:colcon.colcon_core.package_discovery:discover_packages(ignore) discover
[5.134s] Level 1:colcon.colcon_core.package_discovery:discover_packages(ignore) using defaults
[5.134s] Level 1:colcon.colcon_core.package_discovery:discover_packages(path) discover
[5.134s] Level 1:colcon.colcon_core.package_discovery:discover_packages(path) using defaults
[5.629s] Level 1:colcon.colcon_core.package_discovery:discover_packages(prefix_path) check parameters
[5.630s] Level 1:colcon.colcon_core.package_discovery:discover_packages(prefix_path) discover
[5.793s] DEBUG:colcon.colcon_installed_package_information.package_discovery:Found 1 installed packages in /home/stereocamera/ros2_stereo_camera_analyse/install
[5.862s] DEBUG:colcon.colcon_installed_package_information.package_discovery:Found 1 installed packages in /home/stereocamera/ros2_3D/install
[5.938s] DEBUG:colcon.colcon_installed_package_information.package_discovery:Found 1 installed packages in /home/stereocamera/ros2_gui/install
[6.041s] DEBUG:colcon.colcon_installed_package_information.package_discovery:Found 273 installed packages in /opt/ros/humble
[6.047s] Level 1:colcon.colcon_core.package_discovery:discover_packages(prefix_path) using defaults
[6.475s] Level 5:colcon.colcon_core.verb:set package 'my_pointcloud' build argument 'cmake_args' from command line to 'None'
[6.475s] Level 5:colcon.colcon_core.verb:set package 'my_pointcloud' build argument 'cmake_target' from command line to 'None'
[6.476s] Level 5:colcon.colcon_core.verb:set package 'my_pointcloud' build argument 'cmake_target_skip_unavailable' from command line to 'False'
[6.476s] Level 5:colcon.colcon_core.verb:set package 'my_pointcloud' build argument 'cmake_clean_cache' from command line to 'False'
[6.476s] Level 5:colcon.colcon_core.verb:set package 'my_pointcloud' build argument 'cmake_clean_first' from command line to 'False'
[6.476s] Level 5:colcon.colcon_core.verb:set package 'my_pointcloud' build argument 'cmake_force_configure' from command line to 'False'
[6.476s] Level 5:colcon.colcon_core.verb:set package 'my_pointcloud' build argument 'ament_cmake_args' from command line to 'None'
[6.476s] Level 5:colcon.colcon_core.verb:set package 'my_pointcloud' build argument 'catkin_cmake_args' from command line to 'None'
[6.476s] Level 5:colcon.colcon_core.verb:set package 'my_pointcloud' build argument 'catkin_skip_building_tests' from command line to 'False'
[6.476s] DEBUG:colcon.colcon_core.verb:Building package 'my_pointcloud' with the following arguments: {'ament_cmake_args': None, 'build_base': '/home/stereocamera/ros2_3D/build/my_pointcloud', 'catkin_cmake_args': None, 'catkin_skip_building_tests': False, 'cmake_args': None, 'cmake_clean_cache': False, 'cmake_clean_first': False, 'cmake_force_configure': False, 'cmake_target': None, 'cmake_target_skip_unavailable': False, 'install_base': '/home/stereocamera/ros2_3D/install/my_pointcloud', 'merge_install': False, 'path': '/home/stereocamera/ros2_3D/src/my_pointcloud', 'symlink_install': False, 'test_result_base': None}
[6.545s] INFO:colcon.colcon_core.executor:Executing jobs using 'parallel' executor
[6.617s] DEBUG:colcon.colcon_parallel_executor.executor.parallel:run_until_complete
[6.618s] INFO:colcon.colcon_ros.task.ament_python.build:Building ROS package in '/home/stereocamera/ros2_3D/src/my_pointcloud' with build type 'ament_python'
[6.619s] Level 1:colcon.colcon_core.shell:create_environment_hook('my_pointcloud', 'ament_prefix_path')
[6.726s] INFO:colcon.colcon_core.plugin_system:Skipping extension 'colcon_core.shell.bat': Not used on non-Windows systems
[6.727s] INFO:colcon.colcon_core.shell:Creating environment hook '/home/stereocamera/ros2_3D/install/my_pointcloud/share/my_pointcloud/hook/ament_prefix_path.ps1'
[6.730s] INFO:colcon.colcon_core.shell:Creating environment descriptor '/home/stereocamera/ros2_3D/install/my_pointcloud/share/my_pointcloud/hook/ament_prefix_path.dsv'
[6.733s] INFO:colcon.colcon_core.shell:Creating environment hook '/home/stereocamera/ros2_3D/install/my_pointcloud/share/my_pointcloud/hook/ament_prefix_path.sh'
[6.836s] INFO:colcon.colcon_core.shell:Skip shell extension 'powershell' for command environment: Not usable outside of PowerShell
[6.836s] DEBUG:colcon.colcon_core.shell:Skip shell extension 'dsv' for command environment
[8.661s] INFO:colcon.colcon_core.task.python.build:Building Python package in '/home/stereocamera/ros2_3D/src/my_pointcloud'
[8.757s] INFO:colcon.colcon_core.shell:Skip shell extension 'powershell' for command environment: Not usable outside of PowerShell
[8.758s] DEBUG:colcon.colcon_core.shell:Skip shell extension 'dsv' for command environment
[10.936s] DEBUG:colcon.colcon_core.event_handler.log_command:Invoking command in '/home/stereocamera/ros2_3D/src/my_pointcloud': PYTHONPATH=/home/stereocamera/ros2_3D/build/my_pointcloud/prefix_override:/home/stereocamera/ros2_3D/install/my_pointcloud/lib/python3.10/site-packages:${PYTHONPATH} /usr/bin/python3 setup.py egg_info --egg-base ../../build/my_pointcloud build --build-base /home/stereocamera/ros2_3D/build/my_pointcloud/build install --record /home/stereocamera/ros2_3D/build/my_pointcloud/install.log --single-version-externally-managed
[12.536s] DEBUG:colcon.colcon_core.event_handler.log_command:Invoked command in '/home/stereocamera/ros2_3D/src/my_pointcloud' returned '0': PYTHONPATH=/home/stereocamera/ros2_3D/build/my_pointcloud/prefix_override:/home/stereocamera/ros2_3D/install/my_pointcloud/lib/python3.10/site-packages:${PYTHONPATH} /usr/bin/python3 setup.py egg_info --egg-base ../../build/my_pointcloud build --build-base /home/stereocamera/ros2_3D/build/my_pointcloud/build install --record /home/stereocamera/ros2_3D/build/my_pointcloud/install.log --single-version-externally-managed
[12.667s] Level 1:colcon.colcon_core.environment:checking '/home/stereocamera/ros2_3D/install/my_pointcloud' for CMake module files
[12.669s] Level 1:colcon.colcon_core.environment:checking '/home/stereocamera/ros2_3D/install/my_pointcloud' for CMake config files
[12.674s] Level 1:colcon.colcon_core.environment:checking '/home/stereocamera/ros2_3D/install/my_pointcloud/lib'
[12.674s] Level 1:colcon.colcon_core.environment:checking '/home/stereocamera/ros2_3D/install/my_pointcloud/bin'
[12.675s] Level 1:colcon.colcon_core.environment:checking '/home/stereocamera/ros2_3D/install/my_pointcloud/lib/pkgconfig/my_pointcloud.pc'
[12.676s] Level 1:colcon.colcon_core.environment:checking '/home/stereocamera/ros2_3D/install/my_pointcloud/lib/python3.10/site-packages'
[12.676s] Level 1:colcon.colcon_core.shell:create_environment_hook('my_pointcloud', 'pythonpath')
[12.764s] INFO:colcon.colcon_core.shell:Creating environment hook '/home/stereocamera/ros2_3D/install/my_pointcloud/share/my_pointcloud/hook/pythonpath.ps1'
[12.766s] INFO:colcon.colcon_core.shell:Creating environment descriptor '/home/stereocamera/ros2_3D/install/my_pointcloud/share/my_pointcloud/hook/pythonpath.dsv'
[12.768s] INFO:colcon.colcon_core.shell:Creating environment hook '/home/stereocamera/ros2_3D/install/my_pointcloud/share/my_pointcloud/hook/pythonpath.sh'
[12.771s] Level 1:colcon.colcon_core.environment:checking '/home/stereocamera/ros2_3D/install/my_pointcloud/bin'
[12.772s] Level 1:colcon.colcon_core.environment:create_environment_scripts_only(my_pointcloud)
[12.849s] INFO:colcon.colcon_core.shell:Creating package script '/home/stereocamera/ros2_3D/install/my_pointcloud/share/my_pointcloud/package.ps1'
[12.852s] INFO:colcon.colcon_core.shell:Creating package descriptor '/home/stereocamera/ros2_3D/install/my_pointcloud/share/my_pointcloud/package.dsv'
[12.855s] INFO:colcon.colcon_core.shell:Creating package script '/home/stereocamera/ros2_3D/install/my_pointcloud/share/my_pointcloud/package.sh'
[12.859s] INFO:colcon.colcon_core.shell:Creating package script '/home/stereocamera/ros2_3D/install/my_pointcloud/share/my_pointcloud/package.bash'
[12.862s] INFO:colcon.colcon_core.shell:Creating package script '/home/stereocamera/ros2_3D/install/my_pointcloud/share/my_pointcloud/package.zsh'
[12.866s] Level 1:colcon.colcon_core.environment:create_file_with_runtime_dependencies(/home/stereocamera/ros2_3D/install/my_pointcloud/share/colcon-core/packages/my_pointcloud)
[12.867s] DEBUG:colcon.colcon_parallel_executor.executor.parallel:closing loop
[12.868s] DEBUG:colcon.colcon_parallel_executor.executor.parallel:loop closed
[12.869s] DEBUG:colcon.colcon_parallel_executor.executor.parallel:run_until_complete finished with '0'
[12.869s] DEBUG:colcon.colcon_core.event_reactor:joining thread
[12.984s] INFO:colcon.colcon_core.plugin_system:Skipping extension 'colcon_notification.desktop_notification.terminal_notifier': Not used on non-Darwin systems
[12.984s] INFO:colcon.colcon_core.plugin_system:Skipping extension 'colcon_notification.desktop_notification.win32': Not used on non-Windows systems
[12.984s] INFO:colcon.colcon_notification.desktop_notification:Sending desktop notification using 'notify2'
[13.041s] DEBUG:colcon.colcon_core.event_reactor:joined thread
[13.158s] INFO:colcon.colcon_core.shell:Creating prefix script '/home/stereocamera/ros2_3D/install/local_setup.ps1'
[13.162s] INFO:colcon.colcon_core.shell:Creating prefix util module '/home/stereocamera/ros2_3D/install/_local_setup_util_ps1.py'
[13.169s] INFO:colcon.colcon_core.shell:Creating prefix chain script '/home/stereocamera/ros2_3D/install/setup.ps1'
[13.261s] INFO:colcon.colcon_core.shell:Creating prefix script '/home/stereocamera/ros2_3D/install/local_setup.sh'
[13.264s] INFO:colcon.colcon_core.shell:Creating prefix util module '/home/stereocamera/ros2_3D/install/_local_setup_util_sh.py'
[13.267s] INFO:colcon.colcon_core.shell:Creating prefix chain script '/home/stereocamera/ros2_3D/install/setup.sh'
[13.342s] INFO:colcon.colcon_core.shell:Creating prefix script '/home/stereocamera/ros2_3D/install/local_setup.bash'
[13.344s] INFO:colcon.colcon_core.shell:Creating prefix chain script '/home/stereocamera/ros2_3D/install/setup.bash'
[13.423s] INFO:colcon.colcon_core.shell:Creating prefix script '/home/stereocamera/ros2_3D/install/local_setup.zsh'
[13.426s] INFO:colcon.colcon_core.shell:Creating prefix chain script '/home/stereocamera/ros2_3D/install/setup.zsh'
