[14.540s] DEBUG:colcon:Command line arguments: ['/usr/bin/colcon', 'build']
[14.541s] DEBUG:colcon:Parsed command line arguments: Namespace(log_base=None, log_level=None, verb_name='build', build_base='build', install_base='install', merge_install=False, symlink_install=False, test_result_base=None, continue_on_error=False, executor='parallel', parallel_workers=4, event_handlers=None, ignore_user_meta=False, metas=['./colcon.meta'], base_paths=['.'], packages_ignore=None, packages_ignore_regex=None, paths=None, packages_up_to=None, packages_up_to_regex=None, packages_above=None, packages_above_and_dependencies=None, packages_above_depth=None, packages_select_by_dep=None, packages_skip_by_dep=None, packages_skip_up_to=None, packages_select_build_failed=False, packages_skip_build_finished=False, packages_select_test_failures=False, packages_skip_test_passed=False, packages_select=None, packages_skip=None, packages_select_regex=None, packages_skip_regex=None, packages_start=None, packages_end=None, allow_overriding=[], cmake_args=None, cmake_target=None, cmake_target_skip_unavailable=False, cmake_clean_cache=False, cmake_clean_first=False, cmake_force_configure=False, ament_cmake_args=None, catkin_cmake_args=None, catkin_skip_building_tests=False, verb_parser=<colcon_defaults.argument_parser.defaults.DefaultArgumentsDecorator object at 0xffff9032c160>, verb_extension=<colcon_core.verb.build.BuildVerb object at 0xffff905e9d80>, main=<bound method BuildVerb.main of <colcon_core.verb.build.BuildVerb object at 0xffff905e9d80>>)
[14.853s] Level 1:colcon.colcon_core.package_discovery:discover_packages(colcon_meta) check parameters
[14.854s] Level 1:colcon.colcon_core.package_discovery:discover_packages(recursive) check parameters
[14.854s] Level 1:colcon.colcon_core.package_discovery:discover_packages(ignore) check parameters
[14.854s] Level 1:colcon.colcon_core.package_discovery:discover_packages(path) check parameters
[14.854s] Level 1:colcon.colcon_core.package_discovery:discover_packages(colcon_meta) discover
[14.855s] Level 1:colcon.colcon_core.package_discovery:discover_packages(recursive) discover
[14.855s] INFO:colcon.colcon_core.package_discovery:Crawling recursively for packages in '/home/stereocamera/ros2_3D'
[14.856s] Level 1:colcon.colcon_core.package_identification:_identify(.) by extensions ['ignore', 'ignore_ament_install']
[14.857s] Level 1:colcon.colcon_core.package_identification:_identify(.) by extension 'ignore'
[14.857s] Level 1:colcon.colcon_core.package_identification:_identify(.) by extension 'ignore_ament_install'
[14.858s] Level 1:colcon.colcon_core.package_identification:_identify(.) by extensions ['colcon_pkg']
[14.858s] Level 1:colcon.colcon_core.package_identification:_identify(.) by extension 'colcon_pkg'
[14.858s] Level 1:colcon.colcon_core.package_identification:_identify(.) by extensions ['colcon_meta']
[14.858s] Level 1:colcon.colcon_core.package_identification:_identify(.) by extension 'colcon_meta'
[14.859s] Level 1:colcon.colcon_core.package_identification:_identify(.) by extensions ['ros']
[14.859s] Level 1:colcon.colcon_core.package_identification:_identify(.) by extension 'ros'
[14.917s] Level 1:colcon.colcon_core.package_identification:_identify(.) by extensions ['cmake', 'python']
[14.917s] Level 1:colcon.colcon_core.package_identification:_identify(.) by extension 'cmake'
[14.917s] Level 1:colcon.colcon_core.package_identification:_identify(.) by extension 'python'
[14.918s] Level 1:colcon.colcon_core.package_identification:_identify(.) by extensions ['python_setup_py']
[14.918s] Level 1:colcon.colcon_core.package_identification:_identify(.) by extension 'python_setup_py'
[14.919s] Level 1:colcon.colcon_core.package_identification:_identify(build) by extensions ['ignore', 'ignore_ament_install']
[14.919s] Level 1:colcon.colcon_core.package_identification:_identify(build) by extension 'ignore'
[14.920s] Level 1:colcon.colcon_core.package_identification:_identify(build) ignored
[14.921s] Level 1:colcon.colcon_core.package_identification:_identify(install) by extensions ['ignore', 'ignore_ament_install']
[14.921s] Level 1:colcon.colcon_core.package_identification:_identify(install) by extension 'ignore'
[14.922s] Level 1:colcon.colcon_core.package_identification:_identify(install) ignored
[14.923s] Level 1:colcon.colcon_core.package_identification:_identify(log) by extensions ['ignore', 'ignore_ament_install']
[14.924s] Level 1:colcon.colcon_core.package_identification:_identify(log) by extension 'ignore'
[14.924s] Level 1:colcon.colcon_core.package_identification:_identify(log) ignored
[14.925s] Level 1:colcon.colcon_core.package_identification:_identify(src) by extensions ['ignore', 'ignore_ament_install']
[14.925s] Level 1:colcon.colcon_core.package_identification:_identify(src) by extension 'ignore'
[14.926s] Level 1:colcon.colcon_core.package_identification:_identify(src) by extension 'ignore_ament_install'
[14.926s] Level 1:colcon.colcon_core.package_identification:_identify(src) by extensions ['colcon_pkg']
[14.926s] Level 1:colcon.colcon_core.package_identification:_identify(src) by extension 'colcon_pkg'
[14.926s] Level 1:colcon.colcon_core.package_identification:_identify(src) by extensions ['colcon_meta']
[14.927s] Level 1:colcon.colcon_core.package_identification:_identify(src) by extension 'colcon_meta'
[14.927s] Level 1:colcon.colcon_core.package_identification:_identify(src) by extensions ['ros']
[14.927s] Level 1:colcon.colcon_core.package_identification:_identify(src) by extension 'ros'
[14.928s] Level 1:colcon.colcon_core.package_identification:_identify(src) by extensions ['cmake', 'python']
[14.928s] Level 1:colcon.colcon_core.package_identification:_identify(src) by extension 'cmake'
[14.928s] Level 1:colcon.colcon_core.package_identification:_identify(src) by extension 'python'
[14.928s] Level 1:colcon.colcon_core.package_identification:_identify(src) by extensions ['python_setup_py']
[14.929s] Level 1:colcon.colcon_core.package_identification:_identify(src) by extension 'python_setup_py'
[14.929s] Level 1:colcon.colcon_core.package_identification:_identify(src/my_pointcloud) by extensions ['ignore', 'ignore_ament_install']
[14.930s] Level 1:colcon.colcon_core.package_identification:_identify(src/my_pointcloud) by extension 'ignore'
[14.930s] Level 1:colcon.colcon_core.package_identification:_identify(src/my_pointcloud) by extension 'ignore_ament_install'
[14.931s] Level 1:colcon.colcon_core.package_identification:_identify(src/my_pointcloud) by extensions ['colcon_pkg']
[14.931s] Level 1:colcon.colcon_core.package_identification:_identify(src/my_pointcloud) by extension 'colcon_pkg'
[14.931s] Level 1:colcon.colcon_core.package_identification:_identify(src/my_pointcloud) by extensions ['colcon_meta']
[14.931s] Level 1:colcon.colcon_core.package_identification:_identify(src/my_pointcloud) by extension 'colcon_meta'
[14.931s] Level 1:colcon.colcon_core.package_identification:_identify(src/my_pointcloud) by extensions ['ros']
[14.932s] Level 1:colcon.colcon_core.package_identification:_identify(src/my_pointcloud) by extension 'ros'
[14.942s] DEBUG:colcon.colcon_core.package_identification:Package 'src/my_pointcloud' with type 'ros.ament_python' and name 'my_pointcloud'
[14.943s] Level 1:colcon.colcon_core.package_discovery:discover_packages(recursive) using defaults
[14.943s] Level 1:colcon.colcon_core.package_discovery:discover_packages(ignore) discover
[14.943s] Level 1:colcon.colcon_core.package_discovery:discover_packages(ignore) using defaults
[14.943s] Level 1:colcon.colcon_core.package_discovery:discover_packages(path) discover
[14.943s] Level 1:colcon.colcon_core.package_discovery:discover_packages(path) using defaults
[15.749s] Level 1:colcon.colcon_core.package_discovery:discover_packages(prefix_path) check parameters
[15.749s] Level 1:colcon.colcon_core.package_discovery:discover_packages(prefix_path) discover
[16.130s] DEBUG:colcon.colcon_installed_package_information.package_discovery:Found 1 installed packages in /home/stereocamera/ros2_stereo_camera_analyse/install
[16.247s] DEBUG:colcon.colcon_installed_package_information.package_discovery:Found 1 installed packages in /home/stereocamera/ros2_3D/install
[16.362s] DEBUG:colcon.colcon_installed_package_information.package_discovery:Found 1 installed packages in /home/stereocamera/ros2_gui/install
[16.466s] DEBUG:colcon.colcon_installed_package_information.package_discovery:Found 273 installed packages in /opt/ros/humble
[16.472s] Level 1:colcon.colcon_core.package_discovery:discover_packages(prefix_path) using defaults
[17.045s] Level 5:colcon.colcon_core.verb:set package 'my_pointcloud' build argument 'cmake_args' from command line to 'None'
[17.046s] Level 5:colcon.colcon_core.verb:set package 'my_pointcloud' build argument 'cmake_target' from command line to 'None'
[17.046s] Level 5:colcon.colcon_core.verb:set package 'my_pointcloud' build argument 'cmake_target_skip_unavailable' from command line to 'False'
[17.046s] Level 5:colcon.colcon_core.verb:set package 'my_pointcloud' build argument 'cmake_clean_cache' from command line to 'False'
[17.046s] Level 5:colcon.colcon_core.verb:set package 'my_pointcloud' build argument 'cmake_clean_first' from command line to 'False'
[17.046s] Level 5:colcon.colcon_core.verb:set package 'my_pointcloud' build argument 'cmake_force_configure' from command line to 'False'
[17.046s] Level 5:colcon.colcon_core.verb:set package 'my_pointcloud' build argument 'ament_cmake_args' from command line to 'None'
[17.047s] Level 5:colcon.colcon_core.verb:set package 'my_pointcloud' build argument 'catkin_cmake_args' from command line to 'None'
[17.047s] Level 5:colcon.colcon_core.verb:set package 'my_pointcloud' build argument 'catkin_skip_building_tests' from command line to 'False'
[17.047s] DEBUG:colcon.colcon_core.verb:Building package 'my_pointcloud' with the following arguments: {'ament_cmake_args': None, 'build_base': '/home/stereocamera/ros2_3D/build/my_pointcloud', 'catkin_cmake_args': None, 'catkin_skip_building_tests': False, 'cmake_args': None, 'cmake_clean_cache': False, 'cmake_clean_first': False, 'cmake_force_configure': False, 'cmake_target': None, 'cmake_target_skip_unavailable': False, 'install_base': '/home/stereocamera/ros2_3D/install/my_pointcloud', 'merge_install': False, 'path': '/home/stereocamera/ros2_3D/src/my_pointcloud', 'symlink_install': False, 'test_result_base': None}
[17.149s] INFO:colcon.colcon_core.executor:Executing jobs using 'parallel' executor
[17.258s] DEBUG:colcon.colcon_parallel_executor.executor.parallel:run_until_complete
[17.259s] INFO:colcon.colcon_ros.task.ament_python.build:Building ROS package in '/home/stereocamera/ros2_3D/src/my_pointcloud' with build type 'ament_python'
[17.260s] Level 1:colcon.colcon_core.shell:create_environment_hook('my_pointcloud', 'ament_prefix_path')
[17.414s] INFO:colcon.colcon_core.plugin_system:Skipping extension 'colcon_core.shell.bat': Not used on non-Windows systems
[17.417s] INFO:colcon.colcon_core.shell:Creating environment hook '/home/stereocamera/ros2_3D/install/my_pointcloud/share/my_pointcloud/hook/ament_prefix_path.ps1'
[17.422s] INFO:colcon.colcon_core.shell:Creating environment descriptor '/home/stereocamera/ros2_3D/install/my_pointcloud/share/my_pointcloud/hook/ament_prefix_path.dsv'
[17.425s] INFO:colcon.colcon_core.shell:Creating environment hook '/home/stereocamera/ros2_3D/install/my_pointcloud/share/my_pointcloud/hook/ament_prefix_path.sh'
[17.580s] INFO:colcon.colcon_core.shell:Skip shell extension 'powershell' for command environment: Not usable outside of PowerShell
[17.581s] DEBUG:colcon.colcon_core.shell:Skip shell extension 'dsv' for command environment
[19.763s] INFO:colcon.colcon_core.task.python.build:Building Python package in '/home/stereocamera/ros2_3D/src/my_pointcloud'
[19.843s] INFO:colcon.colcon_core.shell:Skip shell extension 'powershell' for command environment: Not usable outside of PowerShell
[19.843s] DEBUG:colcon.colcon_core.shell:Skip shell extension 'dsv' for command environment
[22.078s] DEBUG:colcon.colcon_core.event_handler.log_command:Invoking command in '/home/stereocamera/ros2_3D/src/my_pointcloud': PYTHONPATH=/home/stereocamera/ros2_3D/build/my_pointcloud/prefix_override:/home/stereocamera/ros2_3D/install/my_pointcloud/lib/python3.10/site-packages:${PYTHONPATH} /usr/bin/python3 setup.py egg_info --egg-base ../../build/my_pointcloud build --build-base /home/stereocamera/ros2_3D/build/my_pointcloud/build install --record /home/stereocamera/ros2_3D/build/my_pointcloud/install.log --single-version-externally-managed
[23.795s] DEBUG:colcon.colcon_core.event_handler.log_command:Invoked command in '/home/stereocamera/ros2_3D/src/my_pointcloud' returned '0': PYTHONPATH=/home/stereocamera/ros2_3D/build/my_pointcloud/prefix_override:/home/stereocamera/ros2_3D/install/my_pointcloud/lib/python3.10/site-packages:${PYTHONPATH} /usr/bin/python3 setup.py egg_info --egg-base ../../build/my_pointcloud build --build-base /home/stereocamera/ros2_3D/build/my_pointcloud/build install --record /home/stereocamera/ros2_3D/build/my_pointcloud/install.log --single-version-externally-managed
[23.927s] Level 1:colcon.colcon_core.environment:checking '/home/stereocamera/ros2_3D/install/my_pointcloud' for CMake module files
[23.930s] Level 1:colcon.colcon_core.environment:checking '/home/stereocamera/ros2_3D/install/my_pointcloud' for CMake config files
[23.934s] Level 1:colcon.colcon_core.environment:checking '/home/stereocamera/ros2_3D/install/my_pointcloud/lib'
[23.935s] Level 1:colcon.colcon_core.environment:checking '/home/stereocamera/ros2_3D/install/my_pointcloud/bin'
[23.936s] Level 1:colcon.colcon_core.environment:checking '/home/stereocamera/ros2_3D/install/my_pointcloud/lib/pkgconfig/my_pointcloud.pc'
[23.937s] Level 1:colcon.colcon_core.environment:checking '/home/stereocamera/ros2_3D/install/my_pointcloud/lib/python3.10/site-packages'
[23.937s] Level 1:colcon.colcon_core.shell:create_environment_hook('my_pointcloud', 'pythonpath')
[24.018s] INFO:colcon.colcon_core.shell:Creating environment hook '/home/stereocamera/ros2_3D/install/my_pointcloud/share/my_pointcloud/hook/pythonpath.ps1'
[24.020s] INFO:colcon.colcon_core.shell:Creating environment descriptor '/home/stereocamera/ros2_3D/install/my_pointcloud/share/my_pointcloud/hook/pythonpath.dsv'
[24.022s] INFO:colcon.colcon_core.shell:Creating environment hook '/home/stereocamera/ros2_3D/install/my_pointcloud/share/my_pointcloud/hook/pythonpath.sh'
[24.025s] Level 1:colcon.colcon_core.environment:checking '/home/stereocamera/ros2_3D/install/my_pointcloud/bin'
[24.026s] Level 1:colcon.colcon_core.environment:create_environment_scripts_only(my_pointcloud)
[24.105s] INFO:colcon.colcon_core.shell:Creating package script '/home/stereocamera/ros2_3D/install/my_pointcloud/share/my_pointcloud/package.ps1'
[24.109s] INFO:colcon.colcon_core.shell:Creating package descriptor '/home/stereocamera/ros2_3D/install/my_pointcloud/share/my_pointcloud/package.dsv'
[24.113s] INFO:colcon.colcon_core.shell:Creating package script '/home/stereocamera/ros2_3D/install/my_pointcloud/share/my_pointcloud/package.sh'
[24.117s] INFO:colcon.colcon_core.shell:Creating package script '/home/stereocamera/ros2_3D/install/my_pointcloud/share/my_pointcloud/package.bash'
[24.121s] INFO:colcon.colcon_core.shell:Creating package script '/home/stereocamera/ros2_3D/install/my_pointcloud/share/my_pointcloud/package.zsh'
[24.125s] Level 1:colcon.colcon_core.environment:create_file_with_runtime_dependencies(/home/stereocamera/ros2_3D/install/my_pointcloud/share/colcon-core/packages/my_pointcloud)
[24.127s] DEBUG:colcon.colcon_parallel_executor.executor.parallel:closing loop
[24.128s] DEBUG:colcon.colcon_parallel_executor.executor.parallel:loop closed
[24.129s] DEBUG:colcon.colcon_parallel_executor.executor.parallel:run_until_complete finished with '0'
[24.129s] DEBUG:colcon.colcon_core.event_reactor:joining thread
[24.239s] INFO:colcon.colcon_core.plugin_system:Skipping extension 'colcon_notification.desktop_notification.terminal_notifier': Not used on non-Darwin systems
[24.239s] INFO:colcon.colcon_core.plugin_system:Skipping extension 'colcon_notification.desktop_notification.win32': Not used on non-Windows systems
[24.240s] INFO:colcon.colcon_notification.desktop_notification:Sending desktop notification using 'notify2'
[24.297s] DEBUG:colcon.colcon_core.event_reactor:joined thread
[24.408s] INFO:colcon.colcon_core.shell:Creating prefix script '/home/stereocamera/ros2_3D/install/local_setup.ps1'
[24.414s] INFO:colcon.colcon_core.shell:Creating prefix util module '/home/stereocamera/ros2_3D/install/_local_setup_util_ps1.py'
[24.419s] INFO:colcon.colcon_core.shell:Creating prefix chain script '/home/stereocamera/ros2_3D/install/setup.ps1'
[24.530s] INFO:colcon.colcon_core.shell:Creating prefix script '/home/stereocamera/ros2_3D/install/local_setup.sh'
[24.533s] INFO:colcon.colcon_core.shell:Creating prefix util module '/home/stereocamera/ros2_3D/install/_local_setup_util_sh.py'
[24.535s] INFO:colcon.colcon_core.shell:Creating prefix chain script '/home/stereocamera/ros2_3D/install/setup.sh'
[24.615s] INFO:colcon.colcon_core.shell:Creating prefix script '/home/stereocamera/ros2_3D/install/local_setup.bash'
[24.617s] INFO:colcon.colcon_core.shell:Creating prefix chain script '/home/stereocamera/ros2_3D/install/setup.bash'
[24.693s] INFO:colcon.colcon_core.shell:Creating prefix script '/home/stereocamera/ros2_3D/install/local_setup.zsh'
[24.695s] INFO:colcon.colcon_core.shell:Creating prefix chain script '/home/stereocamera/ros2_3D/install/setup.zsh'
