[3.975s] Invoking command in '/home/stereocamera/ros2_3D/src/my_pointcloud': PYTHONPATH=/home/stereocamera/ros2_3D/build/my_pointcloud/prefix_override:/home/stereocamera/ros2_3D/install/my_pointcloud/lib/python3.10/site-packages:${PYTHONPATH} /usr/bin/python3 setup.py egg_info --egg-base ../../build/my_pointcloud build --build-base /home/stereocamera/ros2_3D/build/my_pointcloud/build install --record /home/stereocamera/ros2_3D/build/my_pointcloud/install.log --single-version-externally-managed
[5.206s] running egg_info
[5.209s] writing ../../build/my_pointcloud/my_pointcloud.egg-info/PKG-INFO
[5.210s] writing dependency_links to ../../build/my_pointcloud/my_pointcloud.egg-info/dependency_links.txt
[5.211s] writing entry points to ../../build/my_pointcloud/my_pointcloud.egg-info/entry_points.txt
[5.212s] writing requirements to ../../build/my_pointcloud/my_pointcloud.egg-info/requires.txt
[5.212s] writing top-level names to ../../build/my_pointcloud/my_pointcloud.egg-info/top_level.txt
[5.221s] reading manifest file '../../build/my_pointcloud/my_pointcloud.egg-info/SOURCES.txt'
[5.225s] writing manifest file '../../build/my_pointcloud/my_pointcloud.egg-info/SOURCES.txt'
[5.225s] running build
[5.226s] running build_py
[5.226s] copying my_pointcloud/my_3d_node.py -> /home/stereocamera/ros2_3D/build/my_pointcloud/build/lib/my_pointcloud
[5.228s] running install
[5.229s] running install_lib
[5.232s] copying /home/stereocamera/ros2_3D/build/my_pointcloud/build/lib/my_pointcloud/my_3d_node.py -> /home/stereocamera/ros2_3D/install/my_pointcloud/lib/python3.10/site-packages/my_pointcloud
[5.236s] byte-compiling /home/stereocamera/ros2_3D/install/my_pointcloud/lib/python3.10/site-packages/my_pointcloud/my_3d_node.py to my_3d_node.cpython-310.pyc
[5.241s] running install_data
[5.244s] running install_egg_info
[5.251s] removing '/home/stereocamera/ros2_3D/install/my_pointcloud/lib/python3.10/site-packages/my_pointcloud-0.0.0-py3.10.egg-info' (and everything under it)
[5.253s] Copying ../../build/my_pointcloud/my_pointcloud.egg-info to /home/stereocamera/ros2_3D/install/my_pointcloud/lib/python3.10/site-packages/my_pointcloud-0.0.0-py3.10.egg-info
[5.259s] running install_scripts
[5.344s] Installing 3d_node script to /home/stereocamera/ros2_3D/install/my_pointcloud/lib/my_pointcloud
[5.346s] writing list of installed files to '/home/stereocamera/ros2_3D/build/my_pointcloud/install.log'
[5.489s] Invoked command in '/home/stereocamera/ros2_3D/src/my_pointcloud' returned '0': PYTHONPATH=/home/stereocamera/ros2_3D/build/my_pointcloud/prefix_override:/home/stereocamera/ros2_3D/install/my_pointcloud/lib/python3.10/site-packages:${PYTHONPATH} /usr/bin/python3 setup.py egg_info --egg-base ../../build/my_pointcloud build --build-base /home/stereocamera/ros2_3D/build/my_pointcloud/build install --record /home/stereocamera/ros2_3D/build/my_pointcloud/install.log --single-version-externally-managed
